0 info it worked if it ends with ok
1 verbose cli [ 'C:\\Program Files\\nodejs\\node.exe',
1 verbose cli   'C:\\Program Files\\nodejs\\node_modules\\npm\\bin\\npm-cli.js',
1 verbose cli   'install',
1 verbose cli   'mraa',
1 verbose cli   '--save' ]
2 info using npm@3.9.3
3 info using node@v6.2.1
4 silly loadCurrentTree Starting
5 silly install loadCurrentTree
6 silly install readLocalPackageData
7 silly fetchPackageMetaData mraa
8 silly fetchNamedPackageData mraa
9 silly mapToRegistry name mraa
10 silly mapToRegistry using default registry
11 silly mapToRegistry registry https://registry.npmjs.org/
12 silly mapToRegistry data Result {
12 silly mapToRegistry   raw: 'mraa',
12 silly mapToRegistry   scope: null,
12 silly mapToRegistry   name: 'mraa',
12 silly mapToRegistry   rawSpec: '',
12 silly mapToRegistry   spec: 'latest',
12 silly mapToRegistry   type: 'tag' }
13 silly mapToRegistry uri https://registry.npmjs.org/mraa
14 verbose request uri https://registry.npmjs.org/mraa
15 verbose request no auth needed
16 info attempt registry request try #1 at 1:53:57 AM
17 verbose request id c485e8cb08f94c93
18 http request GET https://registry.npmjs.org/mraa
19 http 200 https://registry.npmjs.org/mraa
20 verbose headers { server: 'CouchDB/1.5.0 (Erlang OTP/R16B03)',
20 verbose headers   etag: '"EYQWOY84JVXAIKPWZTTZZ5X8L"',
20 verbose headers   'content-type': 'application/json',
20 verbose headers   'content-encoding': 'gzip',
20 verbose headers   'cache-control': 'max-age=300',
20 verbose headers   'content-length': '15553',
20 verbose headers   'accept-ranges': 'bytes',
20 verbose headers   date: 'Tue, 07 Jun 2016 23:53:57 GMT',
20 verbose headers   via: '1.1 varnish',
20 verbose headers   age: '0',
20 verbose headers   connection: 'keep-alive',
20 verbose headers   'x-served-by': 'cache-fra1240-FRA',
20 verbose headers   'x-cache': 'MISS',
20 verbose headers   'x-cache-hits': '0',
20 verbose headers   'x-timer': 'S1465343637.196738,VS0,VE574',
20 verbose headers   vary: 'Accept-Encoding' }
21 silly get cb [ 200,
21 silly get   { server: 'CouchDB/1.5.0 (Erlang OTP/R16B03)',
21 silly get     etag: '"EYQWOY84JVXAIKPWZTTZZ5X8L"',
21 silly get     'content-type': 'application/json',
21 silly get     'content-encoding': 'gzip',
21 silly get     'cache-control': 'max-age=300',
21 silly get     'content-length': '15553',
21 silly get     'accept-ranges': 'bytes',
21 silly get     date: 'Tue, 07 Jun 2016 23:53:57 GMT',
21 silly get     via: '1.1 varnish',
21 silly get     age: '0',
21 silly get     connection: 'keep-alive',
21 silly get     'x-served-by': 'cache-fra1240-FRA',
21 silly get     'x-cache': 'MISS',
21 silly get     'x-cache-hits': '0',
21 silly get     'x-timer': 'S1465343637.196738,VS0,VE574',
21 silly get     vary: 'Accept-Encoding' } ]
22 verbose get saving mraa to C:\Users\LukicDarkoo\AppData\Roaming\npm-cache\registry.npmjs.org\mraa\.cache.json
23 verbose correctMkdir C:\Users\LukicDarkoo\AppData\Roaming\npm-cache correctMkdir not in flight; initializing
24 silly install normalizeTree
25 silly loadCurrentTree Finishing
26 silly loadIdealTree Starting
27 silly install loadIdealTree
28 silly cloneCurrentTree Starting
29 silly install cloneCurrentTreeToIdealTree
30 silly cloneCurrentTree Finishing
31 silly loadShrinkwrap Starting
32 silly install loadShrinkwrap
33 silly loadShrinkwrap Finishing
34 silly loadAllDepsIntoIdealTree Starting
35 silly install loadAllDepsIntoIdealTree
36 silly resolveWithNewModule mraa@1.0.0 checking installable status
37 silly cache add args [ 'mraa', null ]
38 verbose cache add spec mraa
39 silly cache add parsed spec Result {
39 silly cache add   raw: 'mraa',
39 silly cache add   scope: null,
39 silly cache add   name: 'mraa',
39 silly cache add   rawSpec: '',
39 silly cache add   spec: 'latest',
39 silly cache add   type: 'tag' }
40 silly addNamed mraa@latest
41 verbose addNamed "latest" is being treated as a dist-tag for mraa
42 info addNameTag [ 'mraa', 'latest' ]
43 silly mapToRegistry name mraa
44 silly mapToRegistry using default registry
45 silly mapToRegistry registry https://registry.npmjs.org/
46 silly mapToRegistry data Result {
46 silly mapToRegistry   raw: 'mraa',
46 silly mapToRegistry   scope: null,
46 silly mapToRegistry   name: 'mraa',
46 silly mapToRegistry   rawSpec: '',
46 silly mapToRegistry   spec: 'latest',
46 silly mapToRegistry   type: 'tag' }
47 silly mapToRegistry uri https://registry.npmjs.org/mraa
48 verbose addNameTag registry:https://registry.npmjs.org/mraa not in flight; fetching
49 verbose get https://registry.npmjs.org/mraa not expired, no request
50 silly addNameTag next cb for mraa with tag latest
51 silly addNamed mraa@1.0.0
52 verbose addNamed "1.0.0" is a plain semver version for mraa
53 silly mapToRegistry name mraa
54 silly mapToRegistry using default registry
55 silly mapToRegistry registry https://registry.npmjs.org/
56 silly mapToRegistry data Result {
56 silly mapToRegistry   raw: 'mraa',
56 silly mapToRegistry   scope: null,
56 silly mapToRegistry   name: 'mraa',
56 silly mapToRegistry   rawSpec: '',
56 silly mapToRegistry   spec: 'latest',
56 silly mapToRegistry   type: 'tag' }
57 silly mapToRegistry uri https://registry.npmjs.org/mraa
58 verbose addRemoteTarball https://registry.npmjs.org/mraa/-/mraa-1.0.0.tgz not in flight; adding
59 verbose addRemoteTarball [ 'https://registry.npmjs.org/mraa/-/mraa-1.0.0.tgz',
59 verbose addRemoteTarball   '6ccd391b832d211dfc426d6f2fa47b853a77cd7d' ]
60 info retry fetch attempt 1 at 1:53:58 AM
61 info attempt registry request try #1 at 1:53:58 AM
62 http fetch GET https://registry.npmjs.org/mraa/-/mraa-1.0.0.tgz
63 http fetch 200 https://registry.npmjs.org/mraa/-/mraa-1.0.0.tgz
64 silly fetchAndShaCheck shasum 6ccd391b832d211dfc426d6f2fa47b853a77cd7d
65 verbose addTmpTarball C:\Users\LUKICD~1\AppData\Local\Temp\npm-1932-40032141\registry.npmjs.org\mraa\-\mraa-1.0.0.tgz not in flight; adding
66 verbose addTmpTarball already have metadata; skipping unpack for mraa@1.0.0
67 verbose correctMkdir C:\Users\LukicDarkoo\AppData\Roaming\npm-cache correctMkdir not in flight; initializing
68 silly cache afterAdd mraa@1.0.0
69 verbose afterAdd C:\Users\LukicDarkoo\AppData\Roaming\npm-cache\mraa\1.0.0\package\package.json not in flight; writing
70 verbose correctMkdir C:\Users\LukicDarkoo\AppData\Roaming\npm-cache correctMkdir not in flight; initializing
71 verbose afterAdd C:\Users\LukicDarkoo\AppData\Roaming\npm-cache\mraa\1.0.0\package\package.json written
72 silly loadAllDepsIntoIdealTree Finishing
73 silly idealTree:prePrune mep2@0.0.0
73 silly idealTree:prePrune +-- binary@0.3.0
73 silly idealTree:prePrune +-- bindings@1.2.1
73 silly idealTree:prePrune +-- buffer-equal@1.0.0
73 silly idealTree:prePrune +-- bufferput@0.1.2
73 silly idealTree:prePrune +-- buffers@0.1.1
73 silly idealTree:prePrune +-- chainsaw@0.1.0
73 silly idealTree:prePrune +-- commander@2.9.0
73 silly idealTree:prePrune +-- crc@3.3.0
73 silly idealTree:prePrune +-- debug@2.2.0
73 silly idealTree:prePrune +-- define-properties@1.1.2
73 silly idealTree:prePrune +-- es6-promise@3.2.1
73 silly idealTree:prePrune +-- foreach@2.0.5
73 silly idealTree:prePrune +-- function-bind@1.1.0
73 silly idealTree:prePrune +-- graceful-readlink@1.0.1
73 silly idealTree:prePrune +-- lodash@4.13.1
73 silly idealTree:prePrune +-- modbus-rtu@0.0.1
73 silly idealTree:prePrune +-- mraa@1.0.0
73 silly idealTree:prePrune +-- ms@0.7.1
73 silly idealTree:prePrune +-- nan@2.3.5
73 silly idealTree:prePrune +-- object-keys@1.0.9
73 silly idealTree:prePrune +-- object.assign@4.0.3
73 silly idealTree:prePrune +-- q@1.4.1
73 silly idealTree:prePrune +-- serialport@3.1.2
73 silly idealTree:prePrune | `-- node-pre-gyp@0.6.28
73 silly idealTree:prePrune |   +-- mkdirp@0.5.1
73 silly idealTree:prePrune |   | `-- minimist@0.0.8
73 silly idealTree:prePrune |   +-- nopt@3.0.6
73 silly idealTree:prePrune |   | `-- abbrev@1.0.7
73 silly idealTree:prePrune |   +-- npmlog@2.0.3
73 silly idealTree:prePrune |   | +-- ansi@0.3.1
73 silly idealTree:prePrune |   | +-- are-we-there-yet@1.1.2
73 silly idealTree:prePrune |   | | +-- delegates@1.0.0
73 silly idealTree:prePrune |   | | `-- readable-stream@2.1.2
73 silly idealTree:prePrune |   | |   +-- core-util-is@1.0.2
73 silly idealTree:prePrune |   | |   +-- inherits@2.0.1
73 silly idealTree:prePrune |   | |   +-- isarray@1.0.0
73 silly idealTree:prePrune |   | |   +-- process-nextick-args@1.0.7
73 silly idealTree:prePrune |   | |   +-- string_decoder@0.10.31
73 silly idealTree:prePrune |   | |   `-- util-deprecate@1.0.2
73 silly idealTree:prePrune |   | `-- gauge@1.2.7
73 silly idealTree:prePrune |   |   +-- has-unicode@2.0.0
73 silly idealTree:prePrune |   |   +-- lodash.pad@4.4.0
73 silly idealTree:prePrune |   |   | +-- lodash._baseslice@4.0.0
73 silly idealTree:prePrune |   |   | +-- lodash._basetostring@4.12.0
73 silly idealTree:prePrune |   |   | `-- lodash.tostring@4.1.3
73 silly idealTree:prePrune |   |   +-- lodash.padend@4.5.0
73 silly idealTree:prePrune |   |   | +-- lodash._baseslice@4.0.0
73 silly idealTree:prePrune |   |   | +-- lodash._basetostring@4.12.0
73 silly idealTree:prePrune |   |   | `-- lodash.tostring@4.1.3
73 silly idealTree:prePrune |   |   `-- lodash.padstart@4.5.0
73 silly idealTree:prePrune |   |     +-- lodash._baseslice@4.0.0
73 silly idealTree:prePrune |   |     +-- lodash._basetostring@4.12.0
73 silly idealTree:prePrune |   |     `-- lodash.tostring@4.1.3
73 silly idealTree:prePrune |   +-- rc@1.1.6
73 silly idealTree:prePrune |   | +-- deep-extend@0.4.1
73 silly idealTree:prePrune |   | +-- ini@1.3.4
73 silly idealTree:prePrune |   | +-- minimist@1.2.0
73 silly idealTree:prePrune |   | `-- strip-json-comments@1.0.4
73 silly idealTree:prePrune |   +-- request@2.72.0
73 silly idealTree:prePrune |   | +-- aws-sign2@0.6.0
73 silly idealTree:prePrune |   | +-- aws4@1.4.1
73 silly idealTree:prePrune |   | +-- bl@1.1.2
73 silly idealTree:prePrune |   | | `-- readable-stream@2.0.6
73 silly idealTree:prePrune |   | |   +-- core-util-is@1.0.2
73 silly idealTree:prePrune |   | |   +-- inherits@2.0.1
73 silly idealTree:prePrune |   | |   +-- isarray@1.0.0
73 silly idealTree:prePrune |   | |   +-- process-nextick-args@1.0.7
73 silly idealTree:prePrune |   | |   +-- string_decoder@0.10.31
73 silly idealTree:prePrune |   | |   `-- util-deprecate@1.0.2
73 silly idealTree:prePrune |   | +-- caseless@0.11.0
73 silly idealTree:prePrune |   | +-- combined-stream@1.0.5
73 silly idealTree:prePrune |   | | `-- delayed-stream@1.0.0
73 silly idealTree:prePrune |   | +-- extend@3.0.0
73 silly idealTree:prePrune |   | +-- forever-agent@0.6.1
73 silly idealTree:prePrune |   | +-- form-data@1.0.0-rc4
73 silly idealTree:prePrune |   | | `-- async@1.5.2
73 silly idealTree:prePrune |   | +-- har-validator@2.0.6
73 silly idealTree:prePrune |   | | +-- chalk@1.1.3
73 silly idealTree:prePrune |   | | | +-- ansi-styles@2.2.1
73 silly idealTree:prePrune |   | | | +-- escape-string-regexp@1.0.5
73 silly idealTree:prePrune |   | | | +-- has-ansi@2.0.0
73 silly idealTree:prePrune |   | | | | `-- ansi-regex@2.0.0
73 silly idealTree:prePrune |   | | | +-- strip-ansi@3.0.1
73 silly idealTree:prePrune |   | | | | `-- ansi-regex@2.0.0
73 silly idealTree:prePrune |   | | | `-- supports-color@2.0.0
73 silly idealTree:prePrune |   | | +-- is-my-json-valid@2.13.1
73 silly idealTree:prePrune |   | | | +-- generate-function@2.0.0
73 silly idealTree:prePrune |   | | | +-- generate-object-property@1.2.0
73 silly idealTree:prePrune |   | | | | `-- is-property@1.0.2
73 silly idealTree:prePrune |   | | | +-- jsonpointer@2.0.0
73 silly idealTree:prePrune |   | | | `-- xtend@4.0.1
73 silly idealTree:prePrune |   | | `-- pinkie-promise@2.0.1
73 silly idealTree:prePrune |   | |   `-- pinkie@2.0.4
73 silly idealTree:prePrune |   | +-- hawk@3.1.3
73 silly idealTree:prePrune |   | | +-- boom@2.10.1
73 silly idealTree:prePrune |   | | +-- cryptiles@2.0.5
73 silly idealTree:prePrune |   | | +-- hoek@2.16.3
73 silly idealTree:prePrune |   | | `-- sntp@1.0.9
73 silly idealTree:prePrune |   | +-- http-signature@1.1.1
73 silly idealTree:prePrune |   | | +-- assert-plus@0.2.0
73 silly idealTree:prePrune |   | | +-- jsprim@1.2.2
73 silly idealTree:prePrune |   | | | +-- extsprintf@1.0.2
73 silly idealTree:prePrune |   | | | +-- json-schema@0.2.2
73 silly idealTree:prePrune |   | | | `-- verror@1.3.6
73 silly idealTree:prePrune |   | | `-- sshpk@1.8.3
73 silly idealTree:prePrune |   | |   +-- asn1@0.2.3
73 silly idealTree:prePrune |   | |   +-- assert-plus@1.0.0
73 silly idealTree:prePrune |   | |   +-- dashdash@1.13.1
73 silly idealTree:prePrune |   | |   +-- ecc-jsbn@0.1.1
73 silly idealTree:prePrune |   | |   +-- getpass@0.1.6
73 silly idealTree:prePrune |   | |   +-- jodid25519@1.0.2
73 silly idealTree:prePrune |   | |   +-- jsbn@0.1.0
73 silly idealTree:prePrune |   | |   `-- tweetnacl@0.13.3
73 silly idealTree:prePrune |   | +-- is-typedarray@1.0.0
73 silly idealTree:prePrune |   | +-- isstream@0.1.2
73 silly idealTree:prePrune |   | +-- json-stringify-safe@5.0.1
73 silly idealTree:prePrune |   | +-- mime-types@2.1.11
73 silly idealTree:prePrune |   | | `-- mime-db@1.23.0
73 silly idealTree:prePrune |   | +-- node-uuid@1.4.7
73 silly idealTree:prePrune |   | +-- oauth-sign@0.8.2
73 silly idealTree:prePrune |   | +-- qs@6.1.0
73 silly idealTree:prePrune |   | +-- stringstream@0.0.5
73 silly idealTree:prePrune |   | +-- tough-cookie@2.2.2
73 silly idealTree:prePrune |   | `-- tunnel-agent@0.4.3
73 silly idealTree:prePrune |   +-- rimraf@2.5.2
73 silly idealTree:prePrune |   | `-- glob@7.0.3
73 silly idealTree:prePrune |   |   +-- inflight@1.0.4
73 silly idealTree:prePrune |   |   | `-- wrappy@1.0.1
73 silly idealTree:prePrune |   |   +-- inherits@2.0.1
73 silly idealTree:prePrune |   |   +-- minimatch@3.0.0
73 silly idealTree:prePrune |   |   | `-- brace-expansion@1.1.4
73 silly idealTree:prePrune |   |   |   +-- balanced-match@0.4.1
73 silly idealTree:prePrune |   |   |   `-- concat-map@0.0.1
73 silly idealTree:prePrune |   |   +-- once@1.3.3
73 silly idealTree:prePrune |   |   | `-- wrappy@1.0.1
73 silly idealTree:prePrune |   |   `-- path-is-absolute@1.0.0
73 silly idealTree:prePrune |   +-- semver@5.1.0
73 silly idealTree:prePrune |   +-- tar-pack@3.1.3
73 silly idealTree:prePrune |   | +-- fstream-ignore@1.0.4
73 silly idealTree:prePrune |   | | +-- inherits@2.0.1
73 silly idealTree:prePrune |   | | `-- minimatch@3.0.0
73 silly idealTree:prePrune |   | |   `-- brace-expansion@1.1.4
73 silly idealTree:prePrune |   | |     +-- balanced-match@0.4.1
73 silly idealTree:prePrune |   | |     `-- concat-map@0.0.1
73 silly idealTree:prePrune |   | +-- fstream@1.0.9
73 silly idealTree:prePrune |   | | +-- graceful-fs@4.1.4
73 silly idealTree:prePrune |   | | `-- inherits@2.0.1
73 silly idealTree:prePrune |   | +-- once@1.3.3
73 silly idealTree:prePrune |   | | `-- wrappy@1.0.1
73 silly idealTree:prePrune |   | +-- readable-stream@2.0.6
73 silly idealTree:prePrune |   | | +-- core-util-is@1.0.2
73 silly idealTree:prePrune |   | | +-- inherits@2.0.1
73 silly idealTree:prePrune |   | | +-- isarray@1.0.0
73 silly idealTree:prePrune |   | | +-- process-nextick-args@1.0.7
73 silly idealTree:prePrune |   | | +-- string_decoder@0.10.31
73 silly idealTree:prePrune |   | | `-- util-deprecate@1.0.2
73 silly idealTree:prePrune |   | `-- uid-number@0.0.6
73 silly idealTree:prePrune |   `-- tar@2.2.1
73 silly idealTree:prePrune |     +-- block-stream@0.0.9
73 silly idealTree:prePrune |     +-- fstream@1.0.9
73 silly idealTree:prePrune |     | `-- graceful-fs@4.1.4
73 silly idealTree:prePrune |     `-- inherits@2.0.1
73 silly idealTree:prePrune `-- traverse@0.3.9
74 silly loadIdealTree Finishing
75 silly currentTree mep2@0.0.0
75 silly currentTree +-- binary@0.3.0
75 silly currentTree +-- bindings@1.2.1
75 silly currentTree +-- buffer-equal@1.0.0
75 silly currentTree +-- bufferput@0.1.2
75 silly currentTree +-- buffers@0.1.1
75 silly currentTree +-- chainsaw@0.1.0
75 silly currentTree +-- commander@2.9.0
75 silly currentTree +-- crc@3.3.0
75 silly currentTree +-- debug@2.2.0
75 silly currentTree +-- define-properties@1.1.2
75 silly currentTree +-- es6-promise@3.2.1
75 silly currentTree +-- foreach@2.0.5
75 silly currentTree +-- function-bind@1.1.0
75 silly currentTree +-- graceful-readlink@1.0.1
75 silly currentTree +-- lodash@4.13.1
75 silly currentTree +-- modbus-rtu@0.0.1
75 silly currentTree +-- ms@0.7.1
75 silly currentTree +-- nan@2.3.5
75 silly currentTree +-- object-keys@1.0.9
75 silly currentTree +-- object.assign@4.0.3
75 silly currentTree +-- q@1.4.1
75 silly currentTree +-- serialport@3.1.2
75 silly currentTree | `-- node-pre-gyp@0.6.28
75 silly currentTree |   +-- mkdirp@0.5.1
75 silly currentTree |   | `-- minimist@0.0.8
75 silly currentTree |   +-- nopt@3.0.6
75 silly currentTree |   | `-- abbrev@1.0.7
75 silly currentTree |   +-- npmlog@2.0.3
75 silly currentTree |   | +-- ansi@0.3.1
75 silly currentTree |   | +-- are-we-there-yet@1.1.2
75 silly currentTree |   | | +-- delegates@1.0.0
75 silly currentTree |   | | `-- readable-stream@2.1.2
75 silly currentTree |   | |   +-- core-util-is@1.0.2
75 silly currentTree |   | |   +-- inherits@2.0.1
75 silly currentTree |   | |   +-- isarray@1.0.0
75 silly currentTree |   | |   +-- process-nextick-args@1.0.7
75 silly currentTree |   | |   +-- string_decoder@0.10.31
75 silly currentTree |   | |   `-- util-deprecate@1.0.2
75 silly currentTree |   | `-- gauge@1.2.7
75 silly currentTree |   |   +-- has-unicode@2.0.0
75 silly currentTree |   |   +-- lodash.pad@4.4.0
75 silly currentTree |   |   | +-- lodash._baseslice@4.0.0
75 silly currentTree |   |   | +-- lodash._basetostring@4.12.0
75 silly currentTree |   |   | `-- lodash.tostring@4.1.3
75 silly currentTree |   |   +-- lodash.padend@4.5.0
75 silly currentTree |   |   | +-- lodash._baseslice@4.0.0
75 silly currentTree |   |   | +-- lodash._basetostring@4.12.0
75 silly currentTree |   |   | `-- lodash.tostring@4.1.3
75 silly currentTree |   |   `-- lodash.padstart@4.5.0
75 silly currentTree |   |     +-- lodash._baseslice@4.0.0
75 silly currentTree |   |     +-- lodash._basetostring@4.12.0
75 silly currentTree |   |     `-- lodash.tostring@4.1.3
75 silly currentTree |   +-- rc@1.1.6
75 silly currentTree |   | +-- deep-extend@0.4.1
75 silly currentTree |   | +-- ini@1.3.4
75 silly currentTree |   | +-- minimist@1.2.0
75 silly currentTree |   | `-- strip-json-comments@1.0.4
75 silly currentTree |   +-- request@2.72.0
75 silly currentTree |   | +-- aws-sign2@0.6.0
75 silly currentTree |   | +-- aws4@1.4.1
75 silly currentTree |   | +-- bl@1.1.2
75 silly currentTree |   | | `-- readable-stream@2.0.6
75 silly currentTree |   | |   +-- core-util-is@1.0.2
75 silly currentTree |   | |   +-- inherits@2.0.1
75 silly currentTree |   | |   +-- isarray@1.0.0
75 silly currentTree |   | |   +-- process-nextick-args@1.0.7
75 silly currentTree |   | |   +-- string_decoder@0.10.31
75 silly currentTree |   | |   `-- util-deprecate@1.0.2
75 silly currentTree |   | +-- caseless@0.11.0
75 silly currentTree |   | +-- combined-stream@1.0.5
75 silly currentTree |   | | `-- delayed-stream@1.0.0
75 silly currentTree |   | +-- extend@3.0.0
75 silly currentTree |   | +-- forever-agent@0.6.1
75 silly currentTree |   | +-- form-data@1.0.0-rc4
75 silly currentTree |   | | `-- async@1.5.2
75 silly currentTree |   | +-- har-validator@2.0.6
75 silly currentTree |   | | +-- chalk@1.1.3
75 silly currentTree |   | | | +-- ansi-styles@2.2.1
75 silly currentTree |   | | | +-- escape-string-regexp@1.0.5
75 silly currentTree |   | | | +-- has-ansi@2.0.0
75 silly currentTree |   | | | | `-- ansi-regex@2.0.0
75 silly currentTree |   | | | +-- strip-ansi@3.0.1
75 silly currentTree |   | | | | `-- ansi-regex@2.0.0
75 silly currentTree |   | | | `-- supports-color@2.0.0
75 silly currentTree |   | | +-- is-my-json-valid@2.13.1
75 silly currentTree |   | | | +-- generate-function@2.0.0
75 silly currentTree |   | | | +-- generate-object-property@1.2.0
75 silly currentTree |   | | | | `-- is-property@1.0.2
75 silly currentTree |   | | | +-- jsonpointer@2.0.0
75 silly currentTree |   | | | `-- xtend@4.0.1
75 silly currentTree |   | | `-- pinkie-promise@2.0.1
75 silly currentTree |   | |   `-- pinkie@2.0.4
75 silly currentTree |   | +-- hawk@3.1.3
75 silly currentTree |   | | +-- boom@2.10.1
75 silly currentTree |   | | +-- cryptiles@2.0.5
75 silly currentTree |   | | +-- hoek@2.16.3
75 silly currentTree |   | | `-- sntp@1.0.9
75 silly currentTree |   | +-- http-signature@1.1.1
75 silly currentTree |   | | +-- assert-plus@0.2.0
75 silly currentTree |   | | +-- jsprim@1.2.2
75 silly currentTree |   | | | +-- extsprintf@1.0.2
75 silly currentTree |   | | | +-- json-schema@0.2.2
75 silly currentTree |   | | | `-- verror@1.3.6
75 silly currentTree |   | | `-- sshpk@1.8.3
75 silly currentTree |   | |   +-- asn1@0.2.3
75 silly currentTree |   | |   +-- assert-plus@1.0.0
75 silly currentTree |   | |   +-- dashdash@1.13.1
75 silly currentTree |   | |   +-- ecc-jsbn@0.1.1
75 silly currentTree |   | |   +-- getpass@0.1.6
75 silly currentTree |   | |   +-- jodid25519@1.0.2
75 silly currentTree |   | |   +-- jsbn@0.1.0
75 silly currentTree |   | |   `-- tweetnacl@0.13.3
75 silly currentTree |   | +-- is-typedarray@1.0.0
75 silly currentTree |   | +-- isstream@0.1.2
75 silly currentTree |   | +-- json-stringify-safe@5.0.1
75 silly currentTree |   | +-- mime-types@2.1.11
75 silly currentTree |   | | `-- mime-db@1.23.0
75 silly currentTree |   | +-- node-uuid@1.4.7
75 silly currentTree |   | +-- oauth-sign@0.8.2
75 silly currentTree |   | +-- qs@6.1.0
75 silly currentTree |   | +-- stringstream@0.0.5
75 silly currentTree |   | +-- tough-cookie@2.2.2
75 silly currentTree |   | `-- tunnel-agent@0.4.3
75 silly currentTree |   +-- rimraf@2.5.2
75 silly currentTree |   | `-- glob@7.0.3
75 silly currentTree |   |   +-- inflight@1.0.4
75 silly currentTree |   |   | `-- wrappy@1.0.1
75 silly currentTree |   |   +-- inherits@2.0.1
75 silly currentTree |   |   +-- minimatch@3.0.0
75 silly currentTree |   |   | `-- brace-expansion@1.1.4
75 silly currentTree |   |   |   +-- balanced-match@0.4.1
75 silly currentTree |   |   |   `-- concat-map@0.0.1
75 silly currentTree |   |   +-- once@1.3.3
75 silly currentTree |   |   | `-- wrappy@1.0.1
75 silly currentTree |   |   `-- path-is-absolute@1.0.0
75 silly currentTree |   +-- semver@5.1.0
75 silly currentTree |   +-- tar-pack@3.1.3
75 silly currentTree |   | +-- fstream-ignore@1.0.4
75 silly currentTree |   | | +-- inherits@2.0.1
75 silly currentTree |   | | `-- minimatch@3.0.0
75 silly currentTree |   | |   `-- brace-expansion@1.1.4
75 silly currentTree |   | |     +-- balanced-match@0.4.1
75 silly currentTree |   | |     `-- concat-map@0.0.1
75 silly currentTree |   | +-- fstream@1.0.9
75 silly currentTree |   | | +-- graceful-fs@4.1.4
75 silly currentTree |   | | `-- inherits@2.0.1
75 silly currentTree |   | +-- once@1.3.3
75 silly currentTree |   | | `-- wrappy@1.0.1
75 silly currentTree |   | +-- readable-stream@2.0.6
75 silly currentTree |   | | +-- core-util-is@1.0.2
75 silly currentTree |   | | +-- inherits@2.0.1
75 silly currentTree |   | | +-- isarray@1.0.0
75 silly currentTree |   | | +-- process-nextick-args@1.0.7
75 silly currentTree |   | | +-- string_decoder@0.10.31
75 silly currentTree |   | | `-- util-deprecate@1.0.2
75 silly currentTree |   | `-- uid-number@0.0.6
75 silly currentTree |   `-- tar@2.2.1
75 silly currentTree |     +-- block-stream@0.0.9
75 silly currentTree |     +-- fstream@1.0.9
75 silly currentTree |     | `-- graceful-fs@4.1.4
75 silly currentTree |     `-- inherits@2.0.1
75 silly currentTree `-- traverse@0.3.9
76 silly idealTree mep2@0.0.0
76 silly idealTree +-- binary@0.3.0
76 silly idealTree +-- bindings@1.2.1
76 silly idealTree +-- buffer-equal@1.0.0
76 silly idealTree +-- bufferput@0.1.2
76 silly idealTree +-- buffers@0.1.1
76 silly idealTree +-- chainsaw@0.1.0
76 silly idealTree +-- commander@2.9.0
76 silly idealTree +-- crc@3.3.0
76 silly idealTree +-- debug@2.2.0
76 silly idealTree +-- define-properties@1.1.2
76 silly idealTree +-- es6-promise@3.2.1
76 silly idealTree +-- foreach@2.0.5
76 silly idealTree +-- function-bind@1.1.0
76 silly idealTree +-- graceful-readlink@1.0.1
76 silly idealTree +-- lodash@4.13.1
76 silly idealTree +-- modbus-rtu@0.0.1
76 silly idealTree +-- mraa@1.0.0
76 silly idealTree +-- ms@0.7.1
76 silly idealTree +-- nan@2.3.5
76 silly idealTree +-- object-keys@1.0.9
76 silly idealTree +-- object.assign@4.0.3
76 silly idealTree +-- q@1.4.1
76 silly idealTree +-- serialport@3.1.2
76 silly idealTree | `-- node-pre-gyp@0.6.28
76 silly idealTree |   +-- mkdirp@0.5.1
76 silly idealTree |   | `-- minimist@0.0.8
76 silly idealTree |   +-- nopt@3.0.6
76 silly idealTree |   | `-- abbrev@1.0.7
76 silly idealTree |   +-- npmlog@2.0.3
76 silly idealTree |   | +-- ansi@0.3.1
76 silly idealTree |   | +-- are-we-there-yet@1.1.2
76 silly idealTree |   | | +-- delegates@1.0.0
76 silly idealTree |   | | `-- readable-stream@2.1.2
76 silly idealTree |   | |   +-- core-util-is@1.0.2
76 silly idealTree |   | |   +-- inherits@2.0.1
76 silly idealTree |   | |   +-- isarray@1.0.0
76 silly idealTree |   | |   +-- process-nextick-args@1.0.7
76 silly idealTree |   | |   +-- string_decoder@0.10.31
76 silly idealTree |   | |   `-- util-deprecate@1.0.2
76 silly idealTree |   | `-- gauge@1.2.7
76 silly idealTree |   |   +-- has-unicode@2.0.0
76 silly idealTree |   |   +-- lodash.pad@4.4.0
76 silly idealTree |   |   | +-- lodash._baseslice@4.0.0
76 silly idealTree |   |   | +-- lodash._basetostring@4.12.0
76 silly idealTree |   |   | `-- lodash.tostring@4.1.3
76 silly idealTree |   |   +-- lodash.padend@4.5.0
76 silly idealTree |   |   | +-- lodash._baseslice@4.0.0
76 silly idealTree |   |   | +-- lodash._basetostring@4.12.0
76 silly idealTree |   |   | `-- lodash.tostring@4.1.3
76 silly idealTree |   |   `-- lodash.padstart@4.5.0
76 silly idealTree |   |     +-- lodash._baseslice@4.0.0
76 silly idealTree |   |     +-- lodash._basetostring@4.12.0
76 silly idealTree |   |     `-- lodash.tostring@4.1.3
76 silly idealTree |   +-- rc@1.1.6
76 silly idealTree |   | +-- deep-extend@0.4.1
76 silly idealTree |   | +-- ini@1.3.4
76 silly idealTree |   | +-- minimist@1.2.0
76 silly idealTree |   | `-- strip-json-comments@1.0.4
76 silly idealTree |   +-- request@2.72.0
76 silly idealTree |   | +-- aws-sign2@0.6.0
76 silly idealTree |   | +-- aws4@1.4.1
76 silly idealTree |   | +-- bl@1.1.2
76 silly idealTree |   | | `-- readable-stream@2.0.6
76 silly idealTree |   | |   +-- core-util-is@1.0.2
76 silly idealTree |   | |   +-- inherits@2.0.1
76 silly idealTree |   | |   +-- isarray@1.0.0
76 silly idealTree |   | |   +-- process-nextick-args@1.0.7
76 silly idealTree |   | |   +-- string_decoder@0.10.31
76 silly idealTree |   | |   `-- util-deprecate@1.0.2
76 silly idealTree |   | +-- caseless@0.11.0
76 silly idealTree |   | +-- combined-stream@1.0.5
76 silly idealTree |   | | `-- delayed-stream@1.0.0
76 silly idealTree |   | +-- extend@3.0.0
76 silly idealTree |   | +-- forever-agent@0.6.1
76 silly idealTree |   | +-- form-data@1.0.0-rc4
76 silly idealTree |   | | `-- async@1.5.2
76 silly idealTree |   | +-- har-validator@2.0.6
76 silly idealTree |   | | +-- chalk@1.1.3
76 silly idealTree |   | | | +-- ansi-styles@2.2.1
76 silly idealTree |   | | | +-- escape-string-regexp@1.0.5
76 silly idealTree |   | | | +-- has-ansi@2.0.0
76 silly idealTree |   | | | | `-- ansi-regex@2.0.0
76 silly idealTree |   | | | +-- strip-ansi@3.0.1
76 silly idealTree |   | | | | `-- ansi-regex@2.0.0
76 silly idealTree |   | | | `-- supports-color@2.0.0
76 silly idealTree |   | | +-- is-my-json-valid@2.13.1
76 silly idealTree |   | | | +-- generate-function@2.0.0
76 silly idealTree |   | | | +-- generate-object-property@1.2.0
76 silly idealTree |   | | | | `-- is-property@1.0.2
76 silly idealTree |   | | | +-- jsonpointer@2.0.0
76 silly idealTree |   | | | `-- xtend@4.0.1
76 silly idealTree |   | | `-- pinkie-promise@2.0.1
76 silly idealTree |   | |   `-- pinkie@2.0.4
76 silly idealTree |   | +-- hawk@3.1.3
76 silly idealTree |   | | +-- boom@2.10.1
76 silly idealTree |   | | +-- cryptiles@2.0.5
76 silly idealTree |   | | +-- hoek@2.16.3
76 silly idealTree |   | | `-- sntp@1.0.9
76 silly idealTree |   | +-- http-signature@1.1.1
76 silly idealTree |   | | +-- assert-plus@0.2.0
76 silly idealTree |   | | +-- jsprim@1.2.2
76 silly idealTree |   | | | +-- extsprintf@1.0.2
76 silly idealTree |   | | | +-- json-schema@0.2.2
76 silly idealTree |   | | | `-- verror@1.3.6
76 silly idealTree |   | | `-- sshpk@1.8.3
76 silly idealTree |   | |   +-- asn1@0.2.3
76 silly idealTree |   | |   +-- assert-plus@1.0.0
76 silly idealTree |   | |   +-- dashdash@1.13.1
76 silly idealTree |   | |   +-- ecc-jsbn@0.1.1
76 silly idealTree |   | |   +-- getpass@0.1.6
76 silly idealTree |   | |   +-- jodid25519@1.0.2
76 silly idealTree |   | |   +-- jsbn@0.1.0
76 silly idealTree |   | |   `-- tweetnacl@0.13.3
76 silly idealTree |   | +-- is-typedarray@1.0.0
76 silly idealTree |   | +-- isstream@0.1.2
76 silly idealTree |   | +-- json-stringify-safe@5.0.1
76 silly idealTree |   | +-- mime-types@2.1.11
76 silly idealTree |   | | `-- mime-db@1.23.0
76 silly idealTree |   | +-- node-uuid@1.4.7
76 silly idealTree |   | +-- oauth-sign@0.8.2
76 silly idealTree |   | +-- qs@6.1.0
76 silly idealTree |   | +-- stringstream@0.0.5
76 silly idealTree |   | +-- tough-cookie@2.2.2
76 silly idealTree |   | `-- tunnel-agent@0.4.3
76 silly idealTree |   +-- rimraf@2.5.2
76 silly idealTree |   | `-- glob@7.0.3
76 silly idealTree |   |   +-- inflight@1.0.4
76 silly idealTree |   |   | `-- wrappy@1.0.1
76 silly idealTree |   |   +-- inherits@2.0.1
76 silly idealTree |   |   +-- minimatch@3.0.0
76 silly idealTree |   |   | `-- brace-expansion@1.1.4
76 silly idealTree |   |   |   +-- balanced-match@0.4.1
76 silly idealTree |   |   |   `-- concat-map@0.0.1
76 silly idealTree |   |   +-- once@1.3.3
76 silly idealTree |   |   | `-- wrappy@1.0.1
76 silly idealTree |   |   `-- path-is-absolute@1.0.0
76 silly idealTree |   +-- semver@5.1.0
76 silly idealTree |   +-- tar-pack@3.1.3
76 silly idealTree |   | +-- fstream-ignore@1.0.4
76 silly idealTree |   | | +-- inherits@2.0.1
76 silly idealTree |   | | `-- minimatch@3.0.0
76 silly idealTree |   | |   `-- brace-expansion@1.1.4
76 silly idealTree |   | |     +-- balanced-match@0.4.1
76 silly idealTree |   | |     `-- concat-map@0.0.1
76 silly idealTree |   | +-- fstream@1.0.9
76 silly idealTree |   | | +-- graceful-fs@4.1.4
76 silly idealTree |   | | `-- inherits@2.0.1
76 silly idealTree |   | +-- once@1.3.3
76 silly idealTree |   | | `-- wrappy@1.0.1
76 silly idealTree |   | +-- readable-stream@2.0.6
76 silly idealTree |   | | +-- core-util-is@1.0.2
76 silly idealTree |   | | +-- inherits@2.0.1
76 silly idealTree |   | | +-- isarray@1.0.0
76 silly idealTree |   | | +-- process-nextick-args@1.0.7
76 silly idealTree |   | | +-- string_decoder@0.10.31
76 silly idealTree |   | | `-- util-deprecate@1.0.2
76 silly idealTree |   | `-- uid-number@0.0.6
76 silly idealTree |   `-- tar@2.2.1
76 silly idealTree |     +-- block-stream@0.0.9
76 silly idealTree |     +-- fstream@1.0.9
76 silly idealTree |     | `-- graceful-fs@4.1.4
76 silly idealTree |     `-- inherits@2.0.1
76 silly idealTree `-- traverse@0.3.9
77 silly generateActionsToTake Starting
78 silly install generateActionsToTake
79 silly generateActionsToTake Finishing
80 silly diffTrees action count 1
81 silly diffTrees add mraa@1.0.0
82 silly decomposeActions action count 8
83 silly decomposeActions fetch mraa@1.0.0
84 silly decomposeActions extract mraa@1.0.0
85 silly decomposeActions test mraa@1.0.0
86 silly decomposeActions preinstall mraa@1.0.0
87 silly decomposeActions build mraa@1.0.0
88 silly decomposeActions install mraa@1.0.0
89 silly decomposeActions postinstall mraa@1.0.0
90 silly decomposeActions finalize mraa@1.0.0
91 silly executeActions Starting
92 silly install executeActions
93 silly doSerial global-install 0
94 silly doParallel fetch 1
95 verbose correctMkdir C:\Users\LukicDarkoo\AppData\Roaming\npm-cache\_locks correctMkdir not in flight; initializing
96 verbose lock using C:\Users\LukicDarkoo\AppData\Roaming\npm-cache\_locks\staging-f2a0152e58c51c96.lock for C:\Users\LukicDarkoo\Desktop\mep2\node_modules\.staging
97 silly doParallel extract 1
98 silly extract mraa@1.0.0
99 verbose unbuild node_modules\.staging\mraa-b1df167f
100 silly gentlyRm C:\Users\LukicDarkoo\Desktop\mep2\node_modules\.staging\mraa-b1df167f is being purged from base C:\Users\LukicDarkoo\Desktop\mep2
101 verbose gentlyRm don't care about contents; nuking C:\Users\LukicDarkoo\Desktop\mep2\node_modules\.staging\mraa-b1df167f
102 verbose tar unpack C:\Users\LukicDarkoo\AppData\Roaming\npm-cache\mraa\1.0.0\package.tgz
103 verbose tar unpacking to C:\Users\LukicDarkoo\Desktop\mep2\node_modules\.staging\mraa-b1df167f
104 silly gentlyRm C:\Users\LukicDarkoo\Desktop\mep2\node_modules\.staging\mraa-b1df167f is being purged
105 verbose gentlyRm don't care about contents; nuking C:\Users\LukicDarkoo\Desktop\mep2\node_modules\.staging\mraa-b1df167f
106 silly gunzTarPerm modes [ '777', '666' ]
107 silly gunzTarPerm extractEntry
108 silly gunzTarPerm modified mode [ '', 493, 511 ]
109 silly gunzTarPerm extractEntry imraa/
110 silly gunzTarPerm modified mode [ 'imraa/', 493, 511 ]
111 silly gunzTarPerm extractEntry imraa/imraa.c
112 silly gunzTarPerm modified mode [ 'imraa/imraa.c', 420, 438 ]
113 silly gunzTarPerm extractEntry imraa/imraa.service
114 silly gunzTarPerm modified mode [ 'imraa/imraa.service', 420, 438 ]
115 silly gunzTarPerm extractEntry imraa/imraa.conf
116 silly gunzTarPerm modified mode [ 'imraa/imraa.conf', 420, 438 ]
117 silly gunzTarPerm extractEntry imraa/CMakeLists.txt
118 silly gunzTarPerm modified mode [ 'imraa/CMakeLists.txt', 420, 438 ]
119 silly gunzTarPerm extractEntry DoxygenLayout.xml
120 silly gunzTarPerm modified mode [ 'DoxygenLayout.xml', 420, 438 ]
121 silly gunzTarPerm extractEntry Android.mk
122 silly gunzTarPerm modified mode [ 'Android.mk', 420, 438 ]
123 silly gunzTarPerm extractEntry COPYING
124 silly gunzTarPerm modified mode [ 'COPYING', 420, 438 ]
125 silly gunzTarPerm extractEntry src/
126 silly gunzTarPerm modified mode [ 'src/', 493, 511 ]
127 silly gunzTarPerm extractEntry src/x86/
128 silly gunzTarPerm modified mode [ 'src/x86/', 493, 511 ]
129 silly gunzTarPerm extractEntry src/x86/intel_de3815.c
130 silly gunzTarPerm modified mode [ 'src/x86/intel_de3815.c', 420, 438 ]
131 silly gunzTarPerm extractEntry src/x86/intel_minnow_byt_compatible.c
132 silly gunzTarPerm modified mode [ 'src/x86/intel_minnow_byt_compatible.c', 420, 438 ]
133 silly gunzTarPerm extractEntry src/x86/intel_nuc5.c
134 silly gunzTarPerm modified mode [ 'src/x86/intel_nuc5.c', 420, 438 ]
135 silly gunzTarPerm extractEntry src/x86/intel_galileo_rev_g.c
136 silly gunzTarPerm modified mode [ 'src/x86/intel_galileo_rev_g.c', 420, 438 ]
137 silly gunzTarPerm extractEntry src/x86/intel_edison_fab_c.c
138 silly gunzTarPerm modified mode [ 'src/x86/intel_edison_fab_c.c', 420, 438 ]
139 silly gunzTarPerm extractEntry src/x86/x86.c
140 silly gunzTarPerm modified mode [ 'src/x86/x86.c', 420, 438 ]
141 silly gunzTarPerm extractEntry src/x86/intel_cherryhills.c
142 silly gunzTarPerm modified mode [ 'src/x86/intel_cherryhills.c', 420, 438 ]
143 silly gunzTarPerm extractEntry src/x86/intel_galileo_rev_d.c
144 silly gunzTarPerm modified mode [ 'src/x86/intel_galileo_rev_d.c', 420, 438 ]
145 silly gunzTarPerm extractEntry src/x86/CMakeLists.txt
146 silly gunzTarPerm modified mode [ 'src/x86/CMakeLists.txt', 420, 438 ]
147 silly gunzTarPerm extractEntry src/x86/intel_sofia_3gr.c
148 silly gunzTarPerm modified mode [ 'src/x86/intel_sofia_3gr.c', 420, 438 ]
149 silly gunzTarPerm extractEntry src/x86/up.c
150 silly gunzTarPerm modified mode [ 'src/x86/up.c', 420, 438 ]
151 silly gunzTarPerm extractEntry src/mraajsJAVASCRIPT_wrap.cxx
152 silly gunzTarPerm modified mode [ 'src/mraajsJAVASCRIPT_wrap.cxx', 420, 438 ]
153 silly gunzTarPerm extractEntry src/java/
154 silly gunzTarPerm modified mode [ 'src/java/', 493, 511 ]
155 silly gunzTarPerm extractEntry src/java/mraajni.c
156 silly gunzTarPerm modified mode [ 'src/java/mraajni.c', 420, 438 ]
157 silly gunzTarPerm extractEntry src/java/mraajava.pc.cmake
158 silly gunzTarPerm modified mode [ 'src/java/mraajava.pc.cmake', 420, 438 ]
159 silly gunzTarPerm extractEntry src/java/mraajava.i
160 silly gunzTarPerm modified mode [ 'src/java/mraajava.i', 420, 438 ]
161 silly gunzTarPerm extractEntry src/java/CMakeLists.txt
162 silly gunzTarPerm modified mode [ 'src/java/CMakeLists.txt', 420, 438 ]
163 silly gunzTarPerm extractEntry src/spi/
164 silly gunzTarPerm modified mode [ 'src/spi/', 493, 511 ]
165 silly gunzTarPerm extractEntry src/spi/spi.c
166 silly gunzTarPerm modified mode [ 'src/spi/spi.c', 420, 438 ]
167 silly gunzTarPerm extractEntry src/mraa.i
168 silly gunzTarPerm modified mode [ 'src/mraa.i', 420, 438 ]
169 silly gunzTarPerm extractEntry src/python/
170 silly gunzTarPerm modified mode [ 'src/python/', 493, 511 ]
171 silly gunzTarPerm extractEntry src/python/mraapy.c
172 silly gunzTarPerm modified mode [ 'src/python/mraapy.c', 420, 438 ]
173 silly gunzTarPerm extractEntry src/python/mraa.i
174 silly gunzTarPerm modified mode [ 'src/python/mraa.i', 420, 438 ]
175 silly gunzTarPerm extractEntry src/python/docs/
176 silly gunzTarPerm modified mode [ 'src/python/docs/', 493, 511 ]
177 silly gunzTarPerm extractEntry src/python/docs/example.rst
178 silly gunzTarPerm modified mode [ 'src/python/docs/example.rst', 420, 438 ]
179 silly gunzTarPerm extractEntry src/python/docs/mraa.rst
180 silly gunzTarPerm modified mode [ 'src/python/docs/mraa.rst', 420, 438 ]
181 silly gunzTarPerm extractEntry src/python/docs/index.rst
182 silly gunzTarPerm modified mode [ 'src/python/docs/index.rst', 420, 438 ]
183 silly gunzTarPerm extractEntry src/python/docs/conf.py.in
184 silly gunzTarPerm modified mode [ 'src/python/docs/conf.py.in', 420, 438 ]
185 silly gunzTarPerm extractEntry src/python/docs/CMakeLists.txt
186 silly gunzTarPerm modified mode [ 'src/python/docs/CMakeLists.txt', 420, 438 ]
187 silly gunzTarPerm extractEntry src/python/CMakeLists.txt
188 silly gunzTarPerm modified mode [ 'src/python/CMakeLists.txt', 420, 438 ]
189 silly gunzTarPerm extractEntry src/javascript/
190 silly gunzTarPerm modified mode [ 'src/javascript/', 493, 511 ]
191 silly gunzTarPerm extractEntry src/javascript/doxygen2jsdoc_custom.json
192 silly gunzTarPerm modified mode [ 'src/javascript/doxygen2jsdoc_custom.json', 420, 438 ]
193 silly gunzTarPerm extractEntry src/javascript/binding.gyp.cmake
194 silly gunzTarPerm modified mode [ 'src/javascript/binding.gyp.cmake', 420, 438 ]
195 silly gunzTarPerm extractEntry src/javascript/mraajs.i
196 silly gunzTarPerm modified mode [ 'src/javascript/mraajs.i', 420, 438 ]
197 silly gunzTarPerm extractEntry src/javascript/CMakeLists.txt
198 silly gunzTarPerm modified mode [ 'src/javascript/CMakeLists.txt', 420, 438 ]
199 silly gunzTarPerm extractEntry src/javascript/package.json.cmake
200 silly gunzTarPerm modified mode [ 'src/javascript/package.json.cmake', 420, 438 ]
201 silly gunzTarPerm extractEntry src/gpio/
202 silly gunzTarPerm modified mode [ 'src/gpio/', 493, 511 ]
203 silly gunzTarPerm extractEntry src/gpio/gpio.c
204 silly gunzTarPerm modified mode [ 'src/gpio/gpio.c', 420, 438 ]
205 silly gunzTarPerm extractEntry src/arm/
206 silly gunzTarPerm modified mode [ 'src/arm/', 493, 511 ]
207 silly gunzTarPerm extractEntry src/arm/banana.c
208 silly gunzTarPerm modified mode [ 'src/arm/banana.c', 420, 438 ]
209 silly gunzTarPerm extractEntry src/arm/beaglebone.c
210 silly gunzTarPerm modified mode [ 'src/arm/beaglebone.c', 420, 438 ]
211 silly gunzTarPerm extractEntry src/arm/arm.c
212 silly gunzTarPerm modified mode [ 'src/arm/arm.c', 420, 438 ]
213 silly gunzTarPerm extractEntry src/arm/raspberry_pi.c
214 silly gunzTarPerm modified mode [ 'src/arm/raspberry_pi.c', 420, 438 ]
215 silly gunzTarPerm extractEntry src/arm/96boards.c
216 silly gunzTarPerm modified mode [ 'src/arm/96boards.c', 420, 438 ]
217 silly gunzTarPerm extractEntry src/arm/CMakeLists.txt
218 silly gunzTarPerm modified mode [ 'src/arm/CMakeLists.txt', 420, 438 ]
219 silly gunzTarPerm extractEntry src/aio/
220 silly gunzTarPerm modified mode [ 'src/aio/', 493, 511 ]
221 silly gunzTarPerm extractEntry src/aio/aio.c
222 silly gunzTarPerm modified mode [ 'src/aio/aio.c', 420, 438 ]
223 silly gunzTarPerm extractEntry src/mraa.c
224 silly gunzTarPerm modified mode [ 'src/mraa.c', 420, 438 ]
225 silly gunzTarPerm extractEntry src/uart/
226 silly gunzTarPerm modified mode [ 'src/uart/', 493, 511 ]
227 silly gunzTarPerm extractEntry src/uart/uart.c
228 silly gunzTarPerm modified mode [ 'src/uart/uart.c', 420, 438 ]
229 silly gunzTarPerm extractEntry src/pwm/
230 silly gunzTarPerm modified mode [ 'src/pwm/', 493, 511 ]
231 silly gunzTarPerm extractEntry src/pwm/pwm.c
232 silly gunzTarPerm modified mode [ 'src/pwm/pwm.c', 420, 438 ]
233 silly gunzTarPerm extractEntry src/usb/
234 silly gunzTarPerm modified mode [ 'src/usb/', 493, 511 ]
235 silly gunzTarPerm extractEntry src/usb/usb.c
236 silly gunzTarPerm modified mode [ 'src/usb/usb.c', 420, 438 ]
237 silly gunzTarPerm extractEntry src/usb/ftdi_ft4222.c
238 silly gunzTarPerm modified mode [ 'src/usb/ftdi_ft4222.c', 420, 438 ]
239 silly gunzTarPerm extractEntry src/usb/CMakeLists.txt
240 silly gunzTarPerm modified mode [ 'src/usb/CMakeLists.txt', 420, 438 ]
241 silly gunzTarPerm extractEntry src/uart_ow/
242 silly gunzTarPerm modified mode [ 'src/uart_ow/', 493, 511 ]
243 silly gunzTarPerm extractEntry src/uart_ow/uart_ow.c
244 silly gunzTarPerm modified mode [ 'src/uart_ow/uart_ow.c', 420, 438 ]
245 silly gunzTarPerm extractEntry src/uart_ow/CMakeLists.txt
246 silly gunzTarPerm modified mode [ 'src/uart_ow/CMakeLists.txt', 420, 438 ]
247 silly gunzTarPerm extractEntry src/i2c/
248 silly gunzTarPerm modified mode [ 'src/i2c/', 493, 511 ]
249 silly gunzTarPerm extractEntry src/i2c/i2c.c
250 silly gunzTarPerm modified mode [ 'src/i2c/i2c.c', 420, 438 ]
251 silly gunzTarPerm extractEntry src/i2c/LICENSE
252 silly gunzTarPerm modified mode [ 'src/i2c/LICENSE', 420, 438 ]
253 silly gunzTarPerm extractEntry src/mraa.pc.cmake
254 silly gunzTarPerm modified mode [ 'src/mraa.pc.cmake', 420, 438 ]
255 silly gunzTarPerm extractEntry src/doxy2swig.py
256 silly gunzTarPerm modified mode [ 'src/doxy2swig.py', 493, 511 ]
257 silly gunzTarPerm extractEntry src/glob/
258 silly gunzTarPerm modified mode [ 'src/glob/', 493, 511 ]
259 silly gunzTarPerm extractEntry src/glob/glob.c
260 silly gunzTarPerm modified mode [ 'src/glob/glob.c', 420, 438 ]
261 silly gunzTarPerm extractEntry src/glob/glob.h
262 silly gunzTarPerm modified mode [ 'src/glob/glob.h', 420, 438 ]
263 silly gunzTarPerm extractEntry src/version.c
264 silly gunzTarPerm modified mode [ 'src/version.c', 420, 438 ]
265 silly gunzTarPerm extractEntry src/iio/
266 silly gunzTarPerm modified mode [ 'src/iio/', 493, 511 ]
267 silly gunzTarPerm extractEntry src/iio/iio.c
268 silly gunzTarPerm modified mode [ 'src/iio/iio.c', 420, 438 ]
269 silly gunzTarPerm extractEntry src/CMakeLists.txt
270 silly gunzTarPerm modified mode [ 'src/CMakeLists.txt', 420, 438 ]
271 silly gunzTarPerm extractEntry src/firmata/
272 silly gunzTarPerm modified mode [ 'src/firmata/', 493, 511 ]
273 silly gunzTarPerm extractEntry src/firmata/firmata_mraa.c
274 silly gunzTarPerm modified mode [ 'src/firmata/firmata_mraa.c', 420, 438 ]
275 silly gunzTarPerm extractEntry src/firmata/firmata.c
276 silly gunzTarPerm modified mode [ 'src/firmata/firmata.c', 420, 438 ]
277 silly gunzTarPerm extractEntry src/firmata/CMakeLists.txt
278 silly gunzTarPerm modified mode [ 'src/firmata/CMakeLists.txt', 420, 438 ]
279 silly gunzTarPerm extractEntry package.json
280 silly gunzTarPerm modified mode [ 'package.json', 420, 438 ]
281 silly gunzTarPerm extractEntry .gitmodules
282 silly gunzTarPerm modified mode [ '.gitmodules', 420, 438 ]
283 silly gunzTarPerm extractEntry READMEFIRST
284 silly gunzTarPerm modified mode [ 'READMEFIRST', 420, 438 ]
285 silly gunzTarPerm extractEntry binding.gyp
286 silly gunzTarPerm modified mode [ 'binding.gyp', 420, 438 ]
287 silly gunzTarPerm extractEntry docs/
288 silly gunzTarPerm modified mode [ 'docs/', 493, 511 ]
289 silly gunzTarPerm extractEntry docs/testing.md
290 silly gunzTarPerm modified mode [ 'docs/testing.md', 420, 438 ]
291 silly gunzTarPerm extractEntry docs/minnow_max.md
292 silly gunzTarPerm modified mode [ 'docs/minnow_max.md', 420, 438 ]
293 silly gunzTarPerm extractEntry docs/index.java.md
294 silly gunzTarPerm modified mode [ 'docs/index.java.md', 420, 438 ]
295 silly gunzTarPerm extractEntry docs/banana_pi.md
296 silly gunzTarPerm modified mode [ 'docs/banana_pi.md', 420, 438 ]
297 silly gunzTarPerm extractEntry docs/up.md
298 silly gunzTarPerm modified mode [ 'docs/up.md', 420, 438 ]
299 silly gunzTarPerm extractEntry docs/i2c.txt
300 silly gunzTarPerm modified mode [ 'docs/i2c.txt', 420, 438 ]
301 silly gunzTarPerm extractEntry docs/galileorevd.md
302 silly gunzTarPerm modified mode [ 'docs/galileorevd.md', 420, 438 ]
303 silly gunzTarPerm extractEntry docs/galileorevh.md
304 silly gunzTarPerm modified mode [ 'docs/galileorevh.md', 420, 438 ]
305 silly gunzTarPerm extractEntry docs/npm.md
306 silly gunzTarPerm modified mode [ 'docs/npm.md', 420, 438 ]
307 silly gunzTarPerm extractEntry docs/index.md
308 silly gunzTarPerm modified mode [ 'docs/index.md', 420, 438 ]
309 silly gunzTarPerm extractEntry docs/platform-hooks.md
310 silly gunzTarPerm modified mode [ 'docs/platform-hooks.md', 420, 438 ]
311 silly gunzTarPerm extractEntry docs/intel_nuc5.md
312 silly gunzTarPerm modified mode [ 'docs/intel_nuc5.md', 420, 438 ]
313 silly gunzTarPerm extractEntry docs/changelog.md
314 silly gunzTarPerm modified mode [ 'docs/changelog.md', 420, 438 ]
315 silly gunzTarPerm extractEntry docs/internals.md
316 silly gunzTarPerm modified mode [ 'docs/internals.md', 420, 438 ]
317 silly gunzTarPerm extractEntry docs/imraa.md
318 silly gunzTarPerm modified mode [ 'docs/imraa.md', 420, 438 ]
319 silly gunzTarPerm extractEntry docs/intel_de3815.md
320 silly gunzTarPerm modified mode [ 'docs/intel_de3815.md', 420, 438 ]
321 silly gunzTarPerm extractEntry docs/ftdi_ft4222.md
322 silly gunzTarPerm modified mode [ 'docs/ftdi_ft4222.md', 420, 438 ]
323 silly gunzTarPerm extractEntry docs/firmata.md
324 silly gunzTarPerm modified mode [ 'docs/firmata.md', 420, 438 ]
325 silly gunzTarPerm extractEntry docs/debugging.md
326 silly gunzTarPerm modified mode [ 'docs/debugging.md', 420, 438 ]
327 silly gunzTarPerm extractEntry docs/iio.md
328 silly gunzTarPerm modified mode [ 'docs/iio.md', 420, 438 ]
329 silly gunzTarPerm extractEntry docs/beaglebone.md
330 silly gunzTarPerm modified mode [ 'docs/beaglebone.md', 420, 438 ]
331 silly gunzTarPerm extractEntry docs/raspberry_pi.md
332 silly gunzTarPerm modified mode [ 'docs/raspberry_pi.md', 420, 438 ]
333 silly gunzTarPerm extractEntry docs/edison.md
334 silly gunzTarPerm modified mode [ 'docs/edison.md', 420, 438 ]
335 silly gunzTarPerm extractEntry include/
336 silly gunzTarPerm modified mode [ 'include/', 493, 511 ]
337 silly gunzTarPerm extractEntry include/x86/
338 silly gunzTarPerm modified mode [ 'include/x86/', 493, 511 ]
339 silly gunzTarPerm extractEntry include/x86/up.h
340 silly gunzTarPerm modified mode [ 'include/x86/up.h', 420, 438 ]
341 silly gunzTarPerm extractEntry include/x86/intel_sofia_3gr.h
342 silly gunzTarPerm modified mode [ 'include/x86/intel_sofia_3gr.h', 420, 438 ]
343 silly gunzTarPerm extractEntry include/x86/intel_galileo_rev_d.h
344 silly gunzTarPerm modified mode [ 'include/x86/intel_galileo_rev_d.h', 420, 438 ]
345 silly gunzTarPerm extractEntry include/x86/intel_cherryhills.h
346 silly gunzTarPerm modified mode [ 'include/x86/intel_cherryhills.h', 420, 438 ]
347 silly gunzTarPerm extractEntry include/x86/intel_minnow_byt_compatible.h
348 silly gunzTarPerm modified mode [ 'include/x86/intel_minnow_byt_compatible.h', 420, 438 ]
349 silly gunzTarPerm extractEntry include/x86/intel_nuc5.h
350 silly gunzTarPerm modified mode [ 'include/x86/intel_nuc5.h', 420, 438 ]
351 silly gunzTarPerm extractEntry include/x86/intel_de3815.h
352 silly gunzTarPerm modified mode [ 'include/x86/intel_de3815.h', 420, 438 ]
353 silly gunzTarPerm extractEntry include/x86/intel_edison_fab_c.h
354 silly gunzTarPerm modified mode [ 'include/x86/intel_edison_fab_c.h', 420, 438 ]
355 silly gunzTarPerm extractEntry include/x86/intel_galileo_rev_g.h
356 silly gunzTarPerm modified mode [ 'include/x86/intel_galileo_rev_g.h', 420, 438 ]
357 silly gunzTarPerm extractEntry include/mraa_internal_types.h
358 silly gunzTarPerm modified mode [ 'include/mraa_internal_types.h', 420, 438 ]
359 silly gunzTarPerm extractEntry include/linux/
360 silly gunzTarPerm modified mode [ 'include/linux/', 493, 511 ]
361 silly gunzTarPerm extractEntry include/linux/types.h
362 silly gunzTarPerm modified mode [ 'include/linux/types.h', 420, 438 ]
363 silly gunzTarPerm extractEntry include/linux/i2c-dev.h
364 silly gunzTarPerm modified mode [ 'include/linux/i2c-dev.h', 420, 438 ]
365 silly gunzTarPerm extractEntry include/linux/README
366 silly gunzTarPerm modified mode [ 'include/linux/README', 420, 438 ]
367 silly gunzTarPerm extractEntry include/linux/posix_types.h
368 silly gunzTarPerm modified mode [ 'include/linux/posix_types.h', 420, 438 ]
369 silly gunzTarPerm extractEntry include/linux/compiler.h
370 silly gunzTarPerm modified mode [ 'include/linux/compiler.h', 420, 438 ]
371 silly gunzTarPerm extractEntry include/java/
372 silly gunzTarPerm modified mode [ 'include/java/', 493, 511 ]
373 silly gunzTarPerm extractEntry include/java/mraajni.h
374 silly gunzTarPerm modified mode [ 'include/java/mraajni.h', 420, 438 ]
375 silly gunzTarPerm extractEntry include/python/
376 silly gunzTarPerm modified mode [ 'include/python/', 493, 511 ]
377 silly gunzTarPerm extractEntry include/python/mraapy.h
378 silly gunzTarPerm modified mode [ 'include/python/mraapy.h', 420, 438 ]
379 silly gunzTarPerm extractEntry include/mraa_adv_func.h
380 silly gunzTarPerm modified mode [ 'include/mraa_adv_func.h', 420, 438 ]
381 silly gunzTarPerm extractEntry include/arm/
382 silly gunzTarPerm modified mode [ 'include/arm/', 493, 511 ]
383 silly gunzTarPerm extractEntry include/arm/96boards.h
384 silly gunzTarPerm modified mode [ 'include/arm/96boards.h', 420, 438 ]
385 silly gunzTarPerm extractEntry include/arm/raspberry_pi.h
386 silly gunzTarPerm modified mode [ 'include/arm/raspberry_pi.h', 420, 438 ]
387 silly gunzTarPerm extractEntry include/arm/beaglebone.h
388 silly gunzTarPerm modified mode [ 'include/arm/beaglebone.h', 420, 438 ]
389 silly gunzTarPerm extractEntry include/arm/banana.h
390 silly gunzTarPerm modified mode [ 'include/arm/banana.h', 420, 438 ]
391 silly gunzTarPerm extractEntry include/mraa_internal.h
392 silly gunzTarPerm modified mode [ 'include/mraa_internal.h', 420, 438 ]
393 silly gunzTarPerm extractEntry include/usb/
394 silly gunzTarPerm modified mode [ 'include/usb/', 493, 511 ]
395 silly gunzTarPerm extractEntry include/usb/ftdi_ft4222.h
396 silly gunzTarPerm modified mode [ 'include/usb/ftdi_ft4222.h', 420, 438 ]
397 silly gunzTarPerm extractEntry include/mraa_lang_func.h
398 silly gunzTarPerm modified mode [ 'include/mraa_lang_func.h', 420, 438 ]
399 silly gunzTarPerm extractEntry include/version.h
400 silly gunzTarPerm modified mode [ 'include/version.h', 420, 438 ]
401 silly gunzTarPerm extractEntry include/firmata/
402 silly gunzTarPerm modified mode [ 'include/firmata/', 493, 511 ]
403 silly gunzTarPerm extractEntry include/firmata/firmata.h
404 silly gunzTarPerm modified mode [ 'include/firmata/firmata.h', 420, 438 ]
405 silly gunzTarPerm extractEntry include/firmata/firmata_mraa.h
406 silly gunzTarPerm modified mode [ 'include/firmata/firmata_mraa.h', 420, 438 ]
407 silly gunzTarPerm extractEntry Doxyfile.in
408 silly gunzTarPerm modified mode [ 'Doxyfile.in', 420, 438 ]
409 silly gunzTarPerm extractEntry .travis.yml
410 silly gunzTarPerm modified mode [ '.travis.yml', 420, 438 ]
411 silly gunzTarPerm extractEntry api/
412 silly gunzTarPerm modified mode [ 'api/', 493, 511 ]
413 silly gunzTarPerm extractEntry api/mraa.h
414 silly gunzTarPerm modified mode [ 'api/mraa.h', 420, 438 ]
415 silly gunzTarPerm extractEntry api/mraa.hpp
416 silly gunzTarPerm modified mode [ 'api/mraa.hpp', 420, 438 ]
417 silly gunzTarPerm extractEntry api/mraa/
418 silly gunzTarPerm modified mode [ 'api/mraa/', 493, 511 ]
419 silly gunzTarPerm extractEntry api/mraa/uart_ow.hpp
420 silly gunzTarPerm modified mode [ 'api/mraa/uart_ow.hpp', 420, 438 ]
421 silly gunzTarPerm extractEntry api/mraa/firmata.h
422 silly gunzTarPerm modified mode [ 'api/mraa/firmata.h', 420, 438 ]
423 silly gunzTarPerm extractEntry api/mraa/spi.h
424 silly gunzTarPerm modified mode [ 'api/mraa/spi.h', 420, 438 ]
425 silly gunzTarPerm extractEntry api/mraa/iio.hpp
426 silly gunzTarPerm modified mode [ 'api/mraa/iio.hpp', 420, 438 ]
427 silly gunzTarPerm extractEntry api/mraa/pwm.hpp
428 silly gunzTarPerm modified mode [ 'api/mraa/pwm.hpp', 420, 438 ]
429 silly gunzTarPerm extractEntry api/mraa/pwm.h
430 silly gunzTarPerm modified mode [ 'api/mraa/pwm.h', 420, 438 ]
431 silly gunzTarPerm extractEntry api/mraa/types.hpp
432 silly gunzTarPerm modified mode [ 'api/mraa/types.hpp', 420, 438 ]
433 silly gunzTarPerm extractEntry api/mraa/i2c.h
434 silly gunzTarPerm modified mode [ 'api/mraa/i2c.h', 420, 438 ]
435 silly gunzTarPerm extractEntry api/mraa/uart_ow.h
436 silly gunzTarPerm modified mode [ 'api/mraa/uart_ow.h', 420, 438 ]
437 silly gunzTarPerm extractEntry api/mraa/i2c.hpp
438 silly gunzTarPerm modified mode [ 'api/mraa/i2c.hpp', 420, 438 ]
439 silly gunzTarPerm extractEntry api/mraa/iio_kernel_headers.h
440 silly gunzTarPerm modified mode [ 'api/mraa/iio_kernel_headers.h', 420, 438 ]
441 silly gunzTarPerm extractEntry api/mraa/common.hpp
442 silly gunzTarPerm modified mode [ 'api/mraa/common.hpp', 420, 438 ]
443 silly gunzTarPerm extractEntry api/mraa/aio.hpp
444 silly gunzTarPerm modified mode [ 'api/mraa/aio.hpp', 420, 438 ]
445 silly gunzTarPerm extractEntry api/mraa/types.h
446 silly gunzTarPerm modified mode [ 'api/mraa/types.h', 420, 438 ]
447 silly gunzTarPerm extractEntry api/mraa/aio.h
448 silly gunzTarPerm modified mode [ 'api/mraa/aio.h', 420, 438 ]
449 silly gunzTarPerm extractEntry api/mraa/gpio.hpp
450 silly gunzTarPerm modified mode [ 'api/mraa/gpio.hpp', 420, 438 ]
451 silly gunzTarPerm extractEntry api/mraa/gpio.h
452 silly gunzTarPerm modified mode [ 'api/mraa/gpio.h', 420, 438 ]
453 silly gunzTarPerm extractEntry api/mraa/uart.hpp
454 silly gunzTarPerm modified mode [ 'api/mraa/uart.hpp', 420, 438 ]
455 silly gunzTarPerm extractEntry api/mraa/iio.h
456 silly gunzTarPerm modified mode [ 'api/mraa/iio.h', 420, 438 ]
457 silly gunzTarPerm extractEntry api/mraa/spi.hpp
458 silly gunzTarPerm modified mode [ 'api/mraa/spi.hpp', 420, 438 ]
459 silly gunzTarPerm extractEntry api/mraa/uart.h
460 silly gunzTarPerm modified mode [ 'api/mraa/uart.h', 420, 438 ]
461 silly gunzTarPerm extractEntry api/mraa/common.h
462 silly gunzTarPerm modified mode [ 'api/mraa/common.h', 420, 438 ]
463 silly gunzTarPerm extractEntry examples/
464 silly gunzTarPerm modified mode [ 'examples/', 493, 511 ]
465 silly gunzTarPerm extractEntry examples/iio_driver.c
466 silly gunzTarPerm modified mode [ 'examples/iio_driver.c', 420, 438 ]
467 silly gunzTarPerm extractEntry examples/hellomraa.c
468 silly gunzTarPerm modified mode [ 'examples/hellomraa.c', 420, 438 ]
469 silly gunzTarPerm extractEntry examples/c++/
470 silly gunzTarPerm modified mode [ 'examples/c++/', 493, 511 ]
471 silly gunzTarPerm extractEntry examples/c++/Pwm3-cycle.cpp
472 silly gunzTarPerm modified mode [ 'examples/c++/Pwm3-cycle.cpp', 420, 438 ]
473 silly gunzTarPerm extractEntry examples/c++/Blink-IO.cpp
474 silly gunzTarPerm modified mode [ 'examples/c++/Blink-IO.cpp', 420, 438 ]
475 silly gunzTarPerm extractEntry examples/c++/Uart-example.cpp
476 silly gunzTarPerm modified mode [ 'examples/c++/Uart-example.cpp', 420, 438 ]
477 silly gunzTarPerm extractEntry examples/c++/I2c-compass.cpp
478 silly gunzTarPerm modified mode [ 'examples/c++/I2c-compass.cpp', 420, 438 ]
479 silly gunzTarPerm extractEntry examples/c++/AioA0.cpp
480 silly gunzTarPerm modified mode [ 'examples/c++/AioA0.cpp', 420, 438 ]
481 silly gunzTarPerm extractEntry examples/c++/Spi-pot.cpp
482 silly gunzTarPerm modified mode [ 'examples/c++/Spi-pot.cpp', 420, 438 ]
483 silly gunzTarPerm extractEntry examples/c++/UartOW.cpp
484 silly gunzTarPerm modified mode [ 'examples/c++/UartOW.cpp', 420, 438 ]
485 silly gunzTarPerm extractEntry examples/c++/Iio-dummy.cpp
486 silly gunzTarPerm modified mode [ 'examples/c++/Iio-dummy.cpp', 420, 438 ]
487 silly gunzTarPerm extractEntry examples/c++/CMakeLists.txt
488 silly gunzTarPerm modified mode [ 'examples/c++/CMakeLists.txt', 420, 438 ]
489 silly gunzTarPerm extractEntry examples/c++/Isr-pin6.cpp
490 silly gunzTarPerm modified mode [ 'examples/c++/Isr-pin6.cpp', 420, 438 ]
491 silly gunzTarPerm extractEntry examples/isr_pin6.c
492 silly gunzTarPerm modified mode [ 'examples/isr_pin6.c', 420, 438 ]
493 silly gunzTarPerm extractEntry examples/blink_onboard.c
494 silly gunzTarPerm modified mode [ 'examples/blink_onboard.c', 420, 438 ]
495 silly gunzTarPerm extractEntry examples/firmata_curie_imu.c
496 silly gunzTarPerm modified mode [ 'examples/firmata_curie_imu.c', 420, 438 ]
497 silly gunzTarPerm extractEntry examples/analogin_a0.c
498 silly gunzTarPerm modified mode [ 'examples/analogin_a0.c', 420, 438 ]
499 silly gunzTarPerm extractEntry examples/java/
500 silly gunzTarPerm modified mode [ 'examples/java/', 493, 511 ]
501 silly gunzTarPerm extractEntry examples/java/Bmp85.java
502 silly gunzTarPerm modified mode [ 'examples/java/Bmp85.java', 420, 438 ]
503 silly gunzTarPerm extractEntry examples/java/Isr.java
504 silly gunzTarPerm modified mode [ 'examples/java/Isr.java', 420, 438 ]
505 silly gunzTarPerm extractEntry examples/java/SpiMAX7219.java
506 silly gunzTarPerm modified mode [ 'examples/java/SpiMAX7219.java', 420, 438 ]
507 silly gunzTarPerm extractEntry examples/java/Example.java
508 silly gunzTarPerm modified mode [ 'examples/java/Example.java', 420, 438 ]
509 silly gunzTarPerm extractEntry examples/java/SpiMCP4261.java
510 silly gunzTarPerm modified mode [ 'examples/java/SpiMCP4261.java', 420, 438 ]
511 silly gunzTarPerm extractEntry examples/java/HelloEdison.java
512 silly gunzTarPerm modified mode [ 'examples/java/HelloEdison.java', 420, 438 ]
513 silly gunzTarPerm extractEntry examples/java/I2cCompass.java
514 silly gunzTarPerm modified mode [ 'examples/java/I2cCompass.java', 420, 438 ]
515 silly gunzTarPerm extractEntry examples/java/AioA0.java
516 silly gunzTarPerm modified mode [ 'examples/java/AioA0.java', 420, 438 ]
517 silly gunzTarPerm extractEntry examples/java/CyclePwm3.java
518 silly gunzTarPerm modified mode [ 'examples/java/CyclePwm3.java', 420, 438 ]
519 silly gunzTarPerm extractEntry examples/java/FTDITest.java
520 silly gunzTarPerm modified mode [ 'examples/java/FTDITest.java', 420, 438 ]
521 silly gunzTarPerm extractEntry examples/java/GpioRead6.java
522 silly gunzTarPerm modified mode [ 'examples/java/GpioRead6.java', 420, 438 ]
523 silly gunzTarPerm extractEntry examples/java/BlinkIO.java
524 silly gunzTarPerm modified mode [ 'examples/java/BlinkIO.java', 420, 438 ]
525 silly gunzTarPerm extractEntry examples/java/GpioMmapped.java
526 silly gunzTarPerm modified mode [ 'examples/java/GpioMmapped.java', 420, 438 ]
527 silly gunzTarPerm extractEntry examples/java/UartExample.java
528 silly gunzTarPerm modified mode [ 'examples/java/UartExample.java', 420, 438 ]
529 silly gunzTarPerm extractEntry examples/java/BlinkOnboard.java
530 silly gunzTarPerm modified mode [ 'examples/java/BlinkOnboard.java', 420, 438 ]
531 silly gunzTarPerm extractEntry examples/i2c_HMC5883L.c
532 silly gunzTarPerm modified mode [ 'examples/i2c_HMC5883L.c', 420, 438 ]
533 silly gunzTarPerm extractEntry examples/blink-io.c
534 silly gunzTarPerm modified mode [ 'examples/blink-io.c', 420, 438 ]
535 silly gunzTarPerm extractEntry examples/python/
536 silly gunzTarPerm modified mode [ 'examples/python/', 493, 511 ]
537 silly gunzTarPerm extractEntry examples/python/hello_isr.py
538 silly gunzTarPerm modified mode [ 'examples/python/hello_isr.py', 420, 438 ]
539 silly gunzTarPerm extractEntry examples/python/blink-io8.py
540 silly gunzTarPerm modified mode [ 'examples/python/blink-io8.py', 420, 438 ]
541 silly gunzTarPerm extractEntry examples/python/firmata.py
542 silly gunzTarPerm modified mode [ 'examples/python/firmata.py', 420, 438 ]
543 silly gunzTarPerm extractEntry examples/python/bmp85.py
544 silly gunzTarPerm modified mode [ 'examples/python/bmp85.py', 420, 438 ]
545 silly gunzTarPerm extractEntry examples/python/hello_gpio.py
546 silly gunzTarPerm modified mode [ 'examples/python/hello_gpio.py', 420, 438 ]
547 silly gunzTarPerm extractEntry examples/python/spi.py
548 silly gunzTarPerm modified mode [ 'examples/python/spi.py', 420, 438 ]
549 silly gunzTarPerm extractEntry examples/python/cycle-pwm3.py
550 silly gunzTarPerm modified mode [ 'examples/python/cycle-pwm3.py', 420, 438 ]
551 silly gunzTarPerm extractEntry examples/python/uart_sender.py
552 silly gunzTarPerm modified mode [ 'examples/python/uart_sender.py', 420, 438 ]
553 silly gunzTarPerm extractEntry examples/python/aio.py
554 silly gunzTarPerm modified mode [ 'examples/python/aio.py', 420, 438 ]
555 silly gunzTarPerm extractEntry examples/python/uart_receiver.py
556 silly gunzTarPerm modified mode [ 'examples/python/uart_receiver.py', 420, 438 ]
557 silly gunzTarPerm extractEntry examples/python/rgblcd.py
558 silly gunzTarPerm modified mode [ 'examples/python/rgblcd.py', 420, 438 ]
559 silly gunzTarPerm extractEntry examples/javascript/
560 silly gunzTarPerm modified mode [ 'examples/javascript/', 493, 511 ]
561 silly gunzTarPerm extractEntry examples/javascript/AioA0.js
562 silly gunzTarPerm modified mode [ 'examples/javascript/AioA0.js', 420, 438 ]
563 silly gunzTarPerm extractEntry examples/javascript/Blink-IO.js
564 silly gunzTarPerm modified mode [ 'examples/javascript/Blink-IO.js', 420, 438 ]
565 silly gunzTarPerm extractEntry examples/javascript/spi.js
566 silly gunzTarPerm modified mode [ 'examples/javascript/spi.js', 420, 438 ]
567 silly gunzTarPerm extractEntry examples/javascript/rgblcd.js
568 silly gunzTarPerm modified mode [ 'examples/javascript/rgblcd.js', 420, 438 ]
569 silly gunzTarPerm extractEntry examples/javascript/GPIO_DigitalWrite.js
570 silly gunzTarPerm modified mode [ 'examples/javascript/GPIO_DigitalWrite.js', 420, 438 ]
571 silly gunzTarPerm extractEntry examples/javascript/uart.js
572 silly gunzTarPerm modified mode [ 'examples/javascript/uart.js', 420, 438 ]
573 silly gunzTarPerm extractEntry examples/javascript/bmp85.js
574 silly gunzTarPerm modified mode [ 'examples/javascript/bmp85.js', 420, 438 ]
575 silly gunzTarPerm extractEntry examples/javascript/isr.js
576 silly gunzTarPerm modified mode [ 'examples/javascript/isr.js', 420, 438 ]
577 silly gunzTarPerm extractEntry examples/javascript/GPIO_DigitalRead.js
578 silly gunzTarPerm modified mode [ 'examples/javascript/GPIO_DigitalRead.js', 420, 438 ]
579 silly gunzTarPerm extractEntry examples/javascript/firmata.js
580 silly gunzTarPerm modified mode [ 'examples/javascript/firmata.js', 420, 438 ]
581 silly gunzTarPerm extractEntry examples/javascript/gpio-tool.js
582 silly gunzTarPerm modified mode [ 'examples/javascript/gpio-tool.js', 420, 438 ]
583 silly gunzTarPerm extractEntry examples/samples.mapping.txt
584 silly gunzTarPerm modified mode [ 'examples/samples.mapping.txt', 420, 438 ]
585 silly gunzTarPerm extractEntry examples/mmap-io2.c
586 silly gunzTarPerm modified mode [ 'examples/mmap-io2.c', 420, 438 ]
587 silly gunzTarPerm extractEntry examples/uart.c
588 silly gunzTarPerm modified mode [ 'examples/uart.c', 420, 438 ]
589 silly gunzTarPerm extractEntry examples/mraa-gpio.c
590 silly gunzTarPerm modified mode [ 'examples/mraa-gpio.c', 420, 438 ]
591 silly gunzTarPerm extractEntry examples/gpio_read6.c
592 silly gunzTarPerm modified mode [ 'examples/gpio_read6.c', 420, 438 ]
593 silly gunzTarPerm extractEntry examples/i2c_firmata.c
594 silly gunzTarPerm modified mode [ 'examples/i2c_firmata.c', 420, 438 ]
595 silly gunzTarPerm extractEntry examples/spi_max7219.c
596 silly gunzTarPerm modified mode [ 'examples/spi_max7219.c', 420, 438 ]
597 silly gunzTarPerm extractEntry examples/uart_ow.c
598 silly gunzTarPerm modified mode [ 'examples/uart_ow.c', 420, 438 ]
599 silly gunzTarPerm extractEntry examples/spi_mcp4261.c
600 silly gunzTarPerm modified mode [ 'examples/spi_mcp4261.c', 420, 438 ]
601 silly gunzTarPerm extractEntry examples/cycle-pwm3.c
602 silly gunzTarPerm modified mode [ 'examples/cycle-pwm3.c', 420, 438 ]
603 silly gunzTarPerm extractEntry examples/helloedison.c
604 silly gunzTarPerm modified mode [ 'examples/helloedison.c', 420, 438 ]
605 silly gunzTarPerm extractEntry examples/CMakeLists.txt
606 silly gunzTarPerm modified mode [ 'examples/CMakeLists.txt', 420, 438 ]
607 silly gunzTarPerm extractEntry examples/mraa-i2c.c
608 silly gunzTarPerm modified mode [ 'examples/mraa-i2c.c', 420, 438 ]
609 silly gunzTarPerm extractEntry Doxyfile.java.in
610 silly gunzTarPerm modified mode [ 'Doxyfile.java.in', 420, 438 ]
611 silly gunzTarPerm extractEntry cmake/
612 silly gunzTarPerm modified mode [ 'cmake/', 493, 511 ]
613 silly gunzTarPerm extractEntry cmake/modules/
614 silly gunzTarPerm modified mode [ 'cmake/modules/', 493, 511 ]
615 silly gunzTarPerm extractEntry cmake/modules/TargetArch.cmake
616 silly gunzTarPerm modified mode [ 'cmake/modules/TargetArch.cmake', 420, 438 ]
617 silly gunzTarPerm extractEntry cmake/modules/FindNodejs.cmake
618 silly gunzTarPerm modified mode [ 'cmake/modules/FindNodejs.cmake', 420, 438 ]
619 silly gunzTarPerm extractEntry cmake/modules/version.c.in
620 silly gunzTarPerm modified mode [ 'cmake/modules/version.c.in', 420, 438 ]
621 silly gunzTarPerm extractEntry cmake/modules/FindYuidoc.cmake
622 silly gunzTarPerm modified mode [ 'cmake/modules/FindYuidoc.cmake', 420, 438 ]
623 silly gunzTarPerm extractEntry cmake/modules/COPYING-CMAKE-SCRIPTS
624 silly gunzTarPerm modified mode [ 'cmake/modules/COPYING-CMAKE-SCRIPTS', 420, 438 ]
625 silly gunzTarPerm extractEntry cmake/modules/LICENSE.LGPL
626 silly gunzTarPerm modified mode [ 'cmake/modules/LICENSE.LGPL', 420, 438 ]
627 silly gunzTarPerm extractEntry cmake/modules/LICENSE_1_0.txt
628 silly gunzTarPerm modified mode [ 'cmake/modules/LICENSE_1_0.txt', 420, 438 ]
629 silly gunzTarPerm extractEntry cmake/modules/FindFtd4222.cmake
630 silly gunzTarPerm modified mode [ 'cmake/modules/FindFtd4222.cmake', 420, 438 ]
631 silly gunzTarPerm extractEntry cmake/modules/FindSphinx.cmake
632 silly gunzTarPerm modified mode [ 'cmake/modules/FindSphinx.cmake', 420, 438 ]
633 silly gunzTarPerm extractEntry cmake/modules/FindFtd2xx.cmake
634 silly gunzTarPerm modified mode [ 'cmake/modules/FindFtd2xx.cmake', 420, 438 ]
635 silly gunzTarPerm extractEntry cmake/modules/GetGitRevisionDescription.cmake.in
636 silly gunzTarPerm modified mode [ 'cmake/modules/GetGitRevisionDescription.cmake.in', 420, 438 ]
637 silly gunzTarPerm extractEntry cmake/modules/FindJSON-C.cmake
638 silly gunzTarPerm modified mode [ 'cmake/modules/FindJSON-C.cmake', 420, 438 ]
639 silly gunzTarPerm extractEntry cmake/modules/CPackDeb.cmake
640 silly gunzTarPerm modified mode [ 'cmake/modules/CPackDeb.cmake', 420, 438 ]
641 silly gunzTarPerm extractEntry cmake/modules/Copyright.txt
642 silly gunzTarPerm modified mode [ 'cmake/modules/Copyright.txt', 420, 438 ]
643 silly gunzTarPerm extractEntry cmake/modules/GetGitRevisionDescription.cmake
644 silly gunzTarPerm modified mode [ 'cmake/modules/GetGitRevisionDescription.cmake', 420, 438 ]
645 silly gunzTarPerm extractEntry cmake/modules/FindUDEV.cmake
646 silly gunzTarPerm modified mode [ 'cmake/modules/FindUDEV.cmake', 420, 438 ]
647 silly gunzTarPerm extractEntry cmake/Toolchains/
648 silly gunzTarPerm modified mode [ 'cmake/Toolchains/', 493, 511 ]
649 silly gunzTarPerm extractEntry cmake/Toolchains/oe-sdk_cross.cmake
650 silly gunzTarPerm modified mode [ 'cmake/Toolchains/oe-sdk_cross.cmake', 420, 438 ]
651 silly gunzTarPerm extractEntry .clang-format
652 silly gunzTarPerm modified mode [ '.clang-format', 420, 438 ]
653 silly gunzTarPerm extractEntry CONTRIBUTING.md
654 silly gunzTarPerm modified mode [ 'CONTRIBUTING.md', 420, 438 ]
655 silly gunzTarPerm extractEntry doxygen2jsdoc/
656 silly gunzTarPerm modified mode [ 'doxygen2jsdoc/', 493, 511 ]
657 silly gunzTarPerm extractEntry CMakeLists.txt
658 silly gunzTarPerm modified mode [ 'CMakeLists.txt', 420, 438 ]
659 silly gunzTarPerm extractEntry tests/
660 silly gunzTarPerm modified mode [ 'tests/', 493, 511 ]
661 silly gunzTarPerm extractEntry tests/general_checks.py
662 silly gunzTarPerm modified mode [ 'tests/general_checks.py', 493, 511 ]
663 silly gunzTarPerm extractEntry tests/gpio_checks.py
664 silly gunzTarPerm modified mode [ 'tests/gpio_checks.py', 493, 511 ]
665 silly gunzTarPerm extractEntry tests/check_clean.py
666 silly gunzTarPerm modified mode [ 'tests/check_clean.py', 493, 511 ]
667 silly gunzTarPerm extractEntry tests/platform_checks.py
668 silly gunzTarPerm modified mode [ 'tests/platform_checks.py', 493, 511 ]
669 silly gunzTarPerm extractEntry tests/check_samplenames.py
670 silly gunzTarPerm modified mode [ 'tests/check_samplenames.py', 493, 511 ]
671 silly gunzTarPerm extractEntry tests/CMakeLists.txt
672 silly gunzTarPerm modified mode [ 'tests/CMakeLists.txt', 420, 438 ]
673 silly gunzTarPerm extractEntry README.md
674 silly gunzTarPerm modified mode [ 'README.md', 420, 438 ]
675 silly gentlyRm C:\Users\LukicDarkoo\Desktop\mep2\node_modules\.staging\mraa-b1df167f\node_modules is being purged
676 verbose gentlyRm don't care about contents; nuking C:\Users\LukicDarkoo\Desktop\mep2\node_modules\.staging\mraa-b1df167f\node_modules
677 silly doParallel preinstall 1
678 silly preinstall mraa@1.0.0 C:\Users\LukicDarkoo\Desktop\mep2\node_modules\.staging\mraa-b1df167f
679 info lifecycle mraa@1.0.0~preinstall: mraa@1.0.0
680 silly lifecycle mraa@1.0.0~preinstall: no script for preinstall, continuing
681 silly doReverseSerial remove 0
682 silly doSerial move 0
683 silly doSerial finalize 1
684 silly finalize C:\Users\LukicDarkoo\Desktop\mep2\node_modules\mraa
685 silly doSerial build 1
686 silly build mraa@1.0.0
687 info linkStuff mraa@1.0.0
688 silly linkStuff mraa@1.0.0 has C:\Users\LukicDarkoo\Desktop\mep2\node_modules as its parent node_modules
689 verbose linkBins mraa@1.0.0
690 verbose linkMans mraa@1.0.0
691 silly doSerial global-link 0
692 silly doParallel update-linked 0
693 silly doSerial install 1
694 silly install mraa@1.0.0 C:\Users\LukicDarkoo\Desktop\mep2\node_modules\.staging\mraa-b1df167f
695 info lifecycle mraa@1.0.0~install: mraa@1.0.0
696 verbose lifecycle mraa@1.0.0~install: unsafe-perm in lifecycle true
697 verbose lifecycle mraa@1.0.0~install: PATH: C:\Program Files\nodejs\node_modules\npm\bin\node-gyp-bin;C:\Users\LukicDarkoo\Desktop\mep2\node_modules\mraa\node_modules\.bin;C:\Users\LukicDarkoo\Desktop\mep2\node_modules\.bin;C:\Program Files\nodejs;C:\Windows\system32;C:\Windows;C:\Windows\System32\Wbem;C:\Windows\System32\WindowsPowerShell\v1.0\;C:\Program Files (x86)\Skype\Phone\;C:\Program Files (x86)\Windows Kits\8.1\Windows Performance Toolkit\;C:\Program Files\Microsoft SQL Server\110\Tools\Binn\;C:\Program Files\Hewlett-Packard\SimplePass\;C:\Program Files\Git\cmd;C:\Program Files (x86)\CMake\bin;C:\Windows\system32\Npcap;C:\Qt\Qt5.6.0\5.6\msvc2015_64\bin;C:\Program Files\Java\jdk1.7.0_79\bin;C:\Program Files\nodejs\;C:\cygwin64\bin;C:\Users\LukicDarkoo\AppData\Roaming\npm
698 verbose lifecycle mraa@1.0.0~install: CWD: C:\Users\LukicDarkoo\Desktop\mep2\node_modules\mraa
699 silly lifecycle mraa@1.0.0~install: Args: [ '/d /s /c', 'node-gyp rebuild' ]
700 silly lifecycle mraa@1.0.0~install: Returned: code: 1  signal: null
701 info lifecycle mraa@1.0.0~install: Failed to exec install script
702 verbose unlock done using C:\Users\LukicDarkoo\AppData\Roaming\npm-cache\_locks\staging-f2a0152e58c51c96.lock for C:\Users\LukicDarkoo\Desktop\mep2\node_modules\.staging
703 silly rollbackFailedOptional Starting
704 silly rollbackFailedOptional Finishing
705 silly runTopLevelLifecycles Starting
706 silly runTopLevelLifecycles Finishing
707 silly install printInstalled
708 verbose stack Error: mraa@1.0.0 install: `node-gyp rebuild`
708 verbose stack Exit status 1
708 verbose stack     at EventEmitter.<anonymous> (C:\Program Files\nodejs\node_modules\npm\lib\utils\lifecycle.js:245:16)
708 verbose stack     at emitTwo (events.js:106:13)
708 verbose stack     at EventEmitter.emit (events.js:191:7)
708 verbose stack     at ChildProcess.<anonymous> (C:\Program Files\nodejs\node_modules\npm\lib\utils\spawn.js:24:14)
708 verbose stack     at emitTwo (events.js:106:13)
708 verbose stack     at ChildProcess.emit (events.js:191:7)
708 verbose stack     at maybeClose (internal/child_process.js:852:16)
708 verbose stack     at Process.ChildProcess._handle.onexit (internal/child_process.js:215:5)
709 verbose pkgid mraa@1.0.0
710 verbose cwd C:\Users\LukicDarkoo\Desktop\mep2
711 error Windows_NT 10.0.10240
712 error argv "C:\\Program Files\\nodejs\\node.exe" "C:\\Program Files\\nodejs\\node_modules\\npm\\bin\\npm-cli.js" "install" "mraa" "--save"
713 error node v6.2.1
714 error npm  v3.9.3
715 error code ELIFECYCLE
716 error mraa@1.0.0 install: `node-gyp rebuild`
716 error Exit status 1
717 error Failed at the mraa@1.0.0 install script 'node-gyp rebuild'.
717 error Make sure you have the latest version of node.js and npm installed.
717 error If you do, this is most likely a problem with the mraa package,
717 error not with npm itself.
717 error Tell the author that this fails on your system:
717 error     node-gyp rebuild
717 error You can get information on how to open an issue for this project with:
717 error     npm bugs mraa
717 error Or if that isn't available, you can get their info via:
717 error     npm owner ls mraa
717 error There is likely additional logging output above.
718 verbose exit [ 1, true ]
