{"name":"mep","hostname":"LukicDarkoo-PC","pid":6151,"level":30,"msg":"MEP (Memristor's Eurobot Platform) started!","time":"2016-10-18T10:21:36.987Z","v":0}
{"name":"mep","hostname":"LukicDarkoo-PC","pid":6151,"level":30,"msg":"Active table: table_1_red","time":"2016-10-18T10:21:36.991Z","v":0}
{"name":"mep","hostname":"LukicDarkoo-PC","pid":6151,"level":30,"msg":"Simulation activated: true","time":"2016-10-18T10:21:36.992Z","v":0}
{"name":"mep","hostname":"LukicDarkoo-PC","pid":6151,"level":20,"msg":"MotionDriverSimulator Driver with name MotionDriver initialized","time":"2016-10-18T10:21:36.994Z","v":0}
{"name":"mep","hostname":"LukicDarkoo-PC","pid":6151,"level":20,"msg":"ModuleLoader Module loaded MotionDriver","time":"2016-10-18T10:21:36.995Z","v":0}
{"name":"mep","hostname":"LukicDarkoo-PC","pid":6151,"level":20,"msg":"ModbusDriverSimulator Driver with name ModbusDriver initialized","time":"2016-10-18T10:21:36.995Z","v":0}
{"name":"mep","hostname":"LukicDarkoo-PC","pid":6151,"level":20,"msg":"ModuleLoader Module loaded ModbusDriver","time":"2016-10-18T10:21:36.995Z","v":0}
{"name":"mep","hostname":"LukicDarkoo-PC","pid":6151,"level":40,"msg":"DriverManager ModbusDriver doesn't have member provides()","time":"2016-10-18T10:21:36.997Z","v":0}
{"name":"mep","hostname":"LukicDarkoo-PC","pid":6151,"level":20,"msg":"InitTask Initialized","time":"2016-10-18T10:21:37.001Z","v":0}
{"name":"mep","hostname":"LukicDarkoo-PC","pid":6151,"level":50,"msg":"MotionDriverSimulator Server is not opened","time":"2016-10-18T10:21:37.002Z","v":0}
{"name":"mep","hostname":"LukicDarkoo-PC","pid":6151,"level":20,"msg":"PositionService Robot move command sent. Point { x: 600, y: 0 }","time":"2016-10-18T10:21:37.003Z","v":0}
{"name":"mep","hostname":"LukicDarkoo-PC","pid":6493,"level":30,"msg":"MEP (Memristor's Eurobot Platform) started!","time":"2016-10-18T10:29:17.867Z","v":0}
{"name":"mep","hostname":"LukicDarkoo-PC","pid":6493,"level":30,"msg":"Active table: table_1_red","time":"2016-10-18T10:29:17.871Z","v":0}
{"name":"mep","hostname":"LukicDarkoo-PC","pid":6493,"level":30,"msg":"Simulation activated: true","time":"2016-10-18T10:29:17.872Z","v":0}
{"name":"mep","hostname":"LukicDarkoo-PC","pid":6493,"level":20,"msg":"MotionDriverSimulator Driver with name MotionDriver initialized","time":"2016-10-18T10:29:17.874Z","v":0}
{"name":"mep","hostname":"LukicDarkoo-PC","pid":6493,"level":20,"msg":"ModuleLoader Module loaded MotionDriver","time":"2016-10-18T10:29:17.874Z","v":0}
{"name":"mep","hostname":"LukicDarkoo-PC","pid":6493,"level":20,"msg":"ModbusDriverSimulator Driver with name ModbusDriver initialized","time":"2016-10-18T10:29:17.875Z","v":0}
{"name":"mep","hostname":"LukicDarkoo-PC","pid":6493,"level":20,"msg":"ModuleLoader Module loaded ModbusDriver","time":"2016-10-18T10:29:17.875Z","v":0}
{"name":"mep","hostname":"LukicDarkoo-PC","pid":6493,"level":40,"msg":"DriverManager ModbusDriver doesn't have member provides()","time":"2016-10-18T10:29:17.877Z","v":0}
{"name":"mep","hostname":"LukicDarkoo-PC","pid":6493,"level":20,"msg":"InitTask Initialized","time":"2016-10-18T10:29:17.878Z","v":0}
{"name":"mep","hostname":"LukicDarkoo-PC","pid":6493,"level":50,"msg":"MotionDriverSimulator Server is not opened","time":"2016-10-18T10:29:17.879Z","v":0}
{"name":"mep","hostname":"LukicDarkoo-PC","pid":6493,"level":20,"msg":"PositionService Robot move command sent. Point { x: 600, y: 0 }","time":"2016-10-18T10:29:17.879Z","v":0}
{"name":"mep","hostname":"LukicDarkoo-PC","pid":6505,"level":30,"msg":"MEP (Memristor's Eurobot Platform) started!","time":"2016-10-18T10:29:22.466Z","v":0}
{"name":"mep","hostname":"LukicDarkoo-PC","pid":6505,"level":30,"msg":"Active table: table_1_red","time":"2016-10-18T10:29:22.471Z","v":0}
{"name":"mep","hostname":"LukicDarkoo-PC","pid":6505,"level":30,"msg":"Simulation activated: true","time":"2016-10-18T10:29:22.472Z","v":0}
{"name":"mep","hostname":"LukicDarkoo-PC","pid":6505,"level":20,"msg":"MotionDriverSimulator Driver with name MotionDriver initialized","time":"2016-10-18T10:29:22.474Z","v":0}
{"name":"mep","hostname":"LukicDarkoo-PC","pid":6505,"level":20,"msg":"ModuleLoader Module loaded MotionDriver","time":"2016-10-18T10:29:22.474Z","v":0}
{"name":"mep","hostname":"LukicDarkoo-PC","pid":6505,"level":20,"msg":"ModbusDriverSimulator Driver with name ModbusDriver initialized","time":"2016-10-18T10:29:22.475Z","v":0}
{"name":"mep","hostname":"LukicDarkoo-PC","pid":6505,"level":20,"msg":"ModuleLoader Module loaded ModbusDriver","time":"2016-10-18T10:29:22.475Z","v":0}
{"name":"mep","hostname":"LukicDarkoo-PC","pid":6505,"level":40,"msg":"DriverManager ModbusDriver doesn't have member provides()","time":"2016-10-18T10:29:22.477Z","v":0}
{"name":"mep","hostname":"LukicDarkoo-PC","pid":6505,"level":20,"msg":"InitTask Initialized","time":"2016-10-18T10:29:22.478Z","v":0}
{"name":"mep","hostname":"LukicDarkoo-PC","pid":6505,"level":50,"msg":"MotionDriverSimulator Server is not opened","time":"2016-10-18T10:29:22.479Z","v":0}
{"name":"mep","hostname":"LukicDarkoo-PC","pid":6505,"level":20,"msg":"PositionService Robot move command sent. Point { x: 600, y: 0 }","time":"2016-10-18T10:29:22.479Z","v":0}
{"name":"mep","hostname":"LukicDarkoo-PC","pid":6999,"level":30,"msg":"MEP (Memristor's Eurobot Platform) started!","time":"2016-10-18T10:51:33.097Z","v":0}
{"name":"mep","hostname":"LukicDarkoo-PC","pid":6999,"level":30,"msg":"Active table: table_1_red","time":"2016-10-18T10:51:33.101Z","v":0}
{"name":"mep","hostname":"LukicDarkoo-PC","pid":6999,"level":30,"msg":"Simulation activated: true","time":"2016-10-18T10:51:33.102Z","v":0}
{"name":"mep","hostname":"LukicDarkoo-PC","pid":6999,"level":20,"msg":"MotionDriverSimulator Driver with name MotionDriver initialized","time":"2016-10-18T10:51:33.105Z","v":0}
{"name":"mep","hostname":"LukicDarkoo-PC","pid":6999,"level":20,"msg":"ModuleLoader Module loaded MotionDriver","time":"2016-10-18T10:51:33.105Z","v":0}
{"name":"mep","hostname":"LukicDarkoo-PC","pid":6999,"level":20,"msg":"ModbusDriverSimulator Driver with name ModbusDriver initialized","time":"2016-10-18T10:51:33.105Z","v":0}
{"name":"mep","hostname":"LukicDarkoo-PC","pid":6999,"level":20,"msg":"ModuleLoader Module loaded ModbusDriver","time":"2016-10-18T10:51:33.106Z","v":0}
{"name":"mep","hostname":"LukicDarkoo-PC","pid":6999,"level":40,"msg":"DriverManager ModbusDriver doesn't have member provides()","time":"2016-10-18T10:51:33.108Z","v":0}
{"name":"mep","hostname":"LukicDarkoo-PC","pid":6999,"level":20,"msg":"InitTask Initialized","time":"2016-10-18T10:51:33.109Z","v":0}
{"name":"mep","hostname":"LukicDarkoo-PC","pid":6999,"level":50,"msg":"MotionDriverSimulator Server is not opened","time":"2016-10-18T10:51:33.110Z","v":0}
{"name":"mep","hostname":"LukicDarkoo-PC","pid":6999,"level":20,"msg":"PositionService Robot move command sent. Point { x: 600, y: 0 }","time":"2016-10-18T10:51:33.110Z","v":0}
{"name":"mep","hostname":"LukicDarkoo-PC","pid":7081,"level":30,"msg":"MEP (Memristor's Eurobot Platform) started!","time":"2016-10-18T10:53:49.912Z","v":0}
{"name":"mep","hostname":"LukicDarkoo-PC","pid":7081,"level":30,"msg":"Active table: table_1_red","time":"2016-10-18T10:53:49.916Z","v":0}
{"name":"mep","hostname":"LukicDarkoo-PC","pid":7081,"level":30,"msg":"Simulation activated: true","time":"2016-10-18T10:53:49.917Z","v":0}
{"name":"mep","hostname":"LukicDarkoo-PC","pid":7081,"level":20,"msg":"MotionDriverSimulator Driver with name MotionDriver initialized","time":"2016-10-18T10:53:49.919Z","v":0}
{"name":"mep","hostname":"LukicDarkoo-PC","pid":7081,"level":20,"msg":"ModuleLoader Module loaded MotionDriver","time":"2016-10-18T10:53:49.919Z","v":0}
{"name":"mep","hostname":"LukicDarkoo-PC","pid":7081,"level":20,"msg":"ModbusDriverSimulator Driver with name ModbusDriver initialized","time":"2016-10-18T10:53:49.920Z","v":0}
{"name":"mep","hostname":"LukicDarkoo-PC","pid":7081,"level":20,"msg":"ModuleLoader Module loaded ModbusDriver","time":"2016-10-18T10:53:49.920Z","v":0}
{"name":"mep","hostname":"LukicDarkoo-PC","pid":7081,"level":40,"msg":"DriverManager ModbusDriver doesn't have member provides()","time":"2016-10-18T10:53:49.922Z","v":0}
{"name":"mep","hostname":"LukicDarkoo-PC","pid":7081,"level":20,"msg":"InitTask Initialized","time":"2016-10-18T10:53:49.924Z","v":0}
{"name":"mep","hostname":"LukicDarkoo-PC","pid":7081,"level":50,"msg":"MotionDriverSimulator Server is not opened","time":"2016-10-18T10:53:49.924Z","v":0}
{"name":"mep","hostname":"LukicDarkoo-PC","pid":7081,"level":20,"msg":"PositionService Robot move command sent. Point { x: 600, y: 0 }","time":"2016-10-18T10:53:49.925Z","v":0}
{"name":"mep","hostname":"LukicDarkoo-PC","pid":7100,"level":30,"msg":"MEP (Memristor's Eurobot Platform) started!","time":"2016-10-18T10:54:16.795Z","v":0}
{"name":"mep","hostname":"LukicDarkoo-PC","pid":7100,"level":30,"msg":"Active table: table_1_red","time":"2016-10-18T10:54:16.799Z","v":0}
{"name":"mep","hostname":"LukicDarkoo-PC","pid":7100,"level":30,"msg":"Simulation activated: true","time":"2016-10-18T10:54:16.800Z","v":0}
{"name":"mep","hostname":"LukicDarkoo-PC","pid":7100,"level":20,"msg":"MotionDriverSimulator Driver with name MotionDriver initialized","time":"2016-10-18T10:54:16.802Z","v":0}
{"name":"mep","hostname":"LukicDarkoo-PC","pid":7100,"level":20,"msg":"ModuleLoader Module loaded MotionDriver","time":"2016-10-18T10:54:16.803Z","v":0}
{"name":"mep","hostname":"LukicDarkoo-PC","pid":7100,"level":20,"msg":"ModbusDriverSimulator Driver with name ModbusDriver initialized","time":"2016-10-18T10:54:16.803Z","v":0}
{"name":"mep","hostname":"LukicDarkoo-PC","pid":7100,"level":20,"msg":"ModuleLoader Module loaded ModbusDriver","time":"2016-10-18T10:54:16.803Z","v":0}
{"name":"mep","hostname":"LukicDarkoo-PC","pid":7100,"level":40,"msg":"DriverManager ModbusDriver doesn't have member provides()","time":"2016-10-18T10:54:16.805Z","v":0}
{"name":"mep","hostname":"LukicDarkoo-PC","pid":7100,"level":20,"msg":"InitTask Initialized","time":"2016-10-18T10:54:16.807Z","v":0}
{"name":"mep","hostname":"LukicDarkoo-PC","pid":7100,"level":50,"msg":"MotionDriverSimulator Server is not opened","time":"2016-10-18T10:54:16.808Z","v":0}
{"name":"mep","hostname":"LukicDarkoo-PC","pid":7100,"level":20,"msg":"PositionService Robot move command sent. Point { x: 600, y: 0 }","time":"2016-10-18T10:54:16.808Z","v":0}
{"name":"mep","hostname":"LukicDarkoo-PC","pid":8070,"level":30,"msg":"MEP (Memristor's Eurobot Platform) started!","time":"2016-10-18T11:23:13.908Z","v":0}
{"name":"mep","hostname":"LukicDarkoo-PC","pid":8070,"level":30,"msg":"Active table: default","time":"2016-10-18T11:23:13.911Z","v":0}
{"name":"mep","hostname":"LukicDarkoo-PC","pid":8070,"level":30,"msg":"Simulation activated: true","time":"2016-10-18T11:23:13.911Z","v":0}
{"name":"mep","hostname":"LukicDarkoo-PC","pid":8070,"level":20,"msg":"MotionDriverSimulator Driver with name MotionDriver initialized","time":"2016-10-18T11:23:13.913Z","v":0}
{"name":"mep","hostname":"LukicDarkoo-PC","pid":8070,"level":20,"msg":"ModuleLoader Module loaded MotionDriver","time":"2016-10-18T11:23:13.913Z","v":0}
{"name":"mep","hostname":"LukicDarkoo-PC","pid":8070,"level":20,"msg":"ModbusDriverSimulator Driver with name ModbusDriver initialized","time":"2016-10-18T11:23:13.913Z","v":0}
{"name":"mep","hostname":"LukicDarkoo-PC","pid":8070,"level":20,"msg":"ModuleLoader Module loaded ModbusDriver","time":"2016-10-18T11:23:13.913Z","v":0}
{"name":"mep","hostname":"LukicDarkoo-PC","pid":8070,"level":40,"msg":"DriverManager ModbusDriver doesn't have member provides()","time":"2016-10-18T11:23:13.915Z","v":0}
{"name":"mep","hostname":"LukicDarkoo-PC","pid":8070,"level":20,"msg":"InitTask Initialized","time":"2016-10-18T11:23:13.917Z","v":0}
{"name":"mep","hostname":"LukicDarkoo-PC","pid":8070,"level":50,"msg":"MotionDriverSimulator Server is not opened","time":"2016-10-18T11:23:13.917Z","v":0}
{"name":"mep","hostname":"LukicDarkoo-PC","pid":8070,"level":20,"msg":"PositionService Robot move command sent. Point { x: 600, y: 0 }","time":"2016-10-18T11:23:13.917Z","v":0}
{"name":"mep","hostname":"LukicDarkoo-PC","pid":8081,"level":30,"msg":"MEP (Memristor's Eurobot Platform) started!","time":"2016-10-18T11:23:19.231Z","v":0}
{"name":"mep","hostname":"LukicDarkoo-PC","pid":8081,"level":30,"msg":"Active table: default","time":"2016-10-18T11:23:19.233Z","v":0}
{"name":"mep","hostname":"LukicDarkoo-PC","pid":8081,"level":30,"msg":"Simulation activated: true","time":"2016-10-18T11:23:19.233Z","v":0}
{"name":"mep","hostname":"LukicDarkoo-PC","pid":8081,"level":20,"msg":"MotionDriverSimulator Driver with name MotionDriver initialized","time":"2016-10-18T11:23:19.235Z","v":0}
{"name":"mep","hostname":"LukicDarkoo-PC","pid":8081,"level":20,"msg":"ModuleLoader Module loaded MotionDriver","time":"2016-10-18T11:23:19.235Z","v":0}
{"name":"mep","hostname":"LukicDarkoo-PC","pid":8081,"level":20,"msg":"ModbusDriverSimulator Driver with name ModbusDriver initialized","time":"2016-10-18T11:23:19.236Z","v":0}
{"name":"mep","hostname":"LukicDarkoo-PC","pid":8081,"level":20,"msg":"ModuleLoader Module loaded ModbusDriver","time":"2016-10-18T11:23:19.236Z","v":0}
{"name":"mep","hostname":"LukicDarkoo-PC","pid":8081,"level":40,"msg":"DriverManager ModbusDriver doesn't have member provides()","time":"2016-10-18T11:23:19.238Z","v":0}
{"name":"mep","hostname":"LukicDarkoo-PC","pid":8081,"level":20,"msg":"InitTask Initialized","time":"2016-10-18T11:23:19.239Z","v":0}
{"name":"mep","hostname":"LukicDarkoo-PC","pid":8081,"level":50,"msg":"MotionDriverSimulator Server is not opened","time":"2016-10-18T11:23:19.240Z","v":0}
{"name":"mep","hostname":"LukicDarkoo-PC","pid":8081,"level":20,"msg":"PositionService Robot move command sent. Point { x: 600, y: 0 }","time":"2016-10-18T11:23:19.240Z","v":0}
{"name":"mep","hostname":"LukicDarkoo-PC","pid":8108,"level":30,"msg":"MEP (Memristor's Eurobot Platform) started!","time":"2016-10-18T11:23:58.262Z","v":0}
{"name":"mep","hostname":"LukicDarkoo-PC","pid":8108,"level":30,"msg":"Active table: default","time":"2016-10-18T11:23:58.266Z","v":0}
{"name":"mep","hostname":"LukicDarkoo-PC","pid":8108,"level":30,"msg":"Simulation activated: true","time":"2016-10-18T11:23:58.266Z","v":0}
{"name":"mep","hostname":"LukicDarkoo-PC","pid":8108,"level":20,"msg":"MotionDriverSimulator Driver with name MotionDriver initialized","time":"2016-10-18T11:23:58.269Z","v":0}
{"name":"mep","hostname":"LukicDarkoo-PC","pid":8108,"level":20,"msg":"ModuleLoader Module loaded MotionDriver","time":"2016-10-18T11:23:58.269Z","v":0}
{"name":"mep","hostname":"LukicDarkoo-PC","pid":8108,"level":20,"msg":"ModbusDriverSimulator Driver with name ModbusDriver initialized","time":"2016-10-18T11:23:58.269Z","v":0}
{"name":"mep","hostname":"LukicDarkoo-PC","pid":8108,"level":20,"msg":"ModuleLoader Module loaded ModbusDriver","time":"2016-10-18T11:23:58.269Z","v":0}
{"name":"mep","hostname":"LukicDarkoo-PC","pid":8108,"level":40,"msg":"DriverManager ModbusDriver doesn't have member provides()","time":"2016-10-18T11:23:58.271Z","v":0}
{"name":"mep","hostname":"LukicDarkoo-PC","pid":8108,"level":20,"msg":"InitTask Initialized","time":"2016-10-18T11:23:58.273Z","v":0}
{"name":"mep","hostname":"LukicDarkoo-PC","pid":8108,"level":50,"msg":"MotionDriverSimulator Server is not opened","time":"2016-10-18T11:23:58.274Z","v":0}
{"name":"mep","hostname":"LukicDarkoo-PC","pid":8108,"level":20,"msg":"PositionService Robot move command sent. Point { x: 600, y: 0 }","time":"2016-10-18T11:23:58.274Z","v":0}
{"name":"mep","hostname":"LukicDarkoo-PC","pid":8321,"level":30,"msg":"MEP (Memristor's Eurobot Platform) started!","time":"2016-10-18T11:32:51.829Z","v":0}
{"name":"mep","hostname":"LukicDarkoo-PC","pid":8321,"level":30,"msg":"Active table: default","time":"2016-10-18T11:32:51.833Z","v":0}
{"name":"mep","hostname":"LukicDarkoo-PC","pid":8321,"level":30,"msg":"Simulation activated: true","time":"2016-10-18T11:32:51.834Z","v":0}
{"name":"mep","hostname":"LukicDarkoo-PC","pid":8321,"level":20,"msg":"MotionDriverSimulator Driver with name MotionDriver initialized","time":"2016-10-18T11:32:51.836Z","v":0}
{"name":"mep","hostname":"LukicDarkoo-PC","pid":8321,"level":20,"msg":"ModuleLoader Module loaded MotionDriver","time":"2016-10-18T11:32:51.836Z","v":0}
{"name":"mep","hostname":"LukicDarkoo-PC","pid":8321,"level":20,"msg":"ModbusDriverSimulator Driver with name ModbusDriver initialized","time":"2016-10-18T11:32:51.837Z","v":0}
{"name":"mep","hostname":"LukicDarkoo-PC","pid":8321,"level":20,"msg":"ModuleLoader Module loaded ModbusDriver","time":"2016-10-18T11:32:51.837Z","v":0}
{"name":"mep","hostname":"LukicDarkoo-PC","pid":8321,"level":40,"msg":"DriverManager ModbusDriver doesn't have member provides()","time":"2016-10-18T11:32:51.839Z","v":0}
{"name":"mep","hostname":"LukicDarkoo-PC","pid":8321,"level":20,"msg":"InitTask Initialized","time":"2016-10-18T11:32:51.840Z","v":0}
{"name":"mep","hostname":"LukicDarkoo-PC","pid":8321,"level":50,"msg":"MotionDriverSimulator Server is not opened","time":"2016-10-18T11:32:51.841Z","v":0}
{"name":"mep","hostname":"LukicDarkoo-PC","pid":8321,"level":20,"msg":"PositionService Robot move command sent. Point { x: 600, y: 0 }","time":"2016-10-18T11:32:51.841Z","v":0}
{"name":"mep","hostname":"LukicDarkoo-PC","pid":8350,"level":30,"msg":"MEP (Memristor's Eurobot Platform) started!","time":"2016-10-18T11:33:09.472Z","v":0}
{"name":"mep","hostname":"LukicDarkoo-PC","pid":8350,"level":30,"msg":"Active table: default","time":"2016-10-18T11:33:09.476Z","v":0}
{"name":"mep","hostname":"LukicDarkoo-PC","pid":8350,"level":30,"msg":"Simulation activated: true","time":"2016-10-18T11:33:09.476Z","v":0}
{"name":"mep","hostname":"LukicDarkoo-PC","pid":8350,"level":20,"msg":"MotionDriverSimulator Driver with name MotionDriver initialized","time":"2016-10-18T11:33:09.479Z","v":0}
{"name":"mep","hostname":"LukicDarkoo-PC","pid":8350,"level":20,"msg":"ModuleLoader Module loaded MotionDriver","time":"2016-10-18T11:33:09.479Z","v":0}
{"name":"mep","hostname":"LukicDarkoo-PC","pid":8350,"level":20,"msg":"ModbusDriverSimulator Driver with name ModbusDriver initialized","time":"2016-10-18T11:33:09.479Z","v":0}
{"name":"mep","hostname":"LukicDarkoo-PC","pid":8350,"level":20,"msg":"ModuleLoader Module loaded ModbusDriver","time":"2016-10-18T11:33:09.479Z","v":0}
{"name":"mep","hostname":"LukicDarkoo-PC","pid":8350,"level":40,"msg":"DriverManager ModbusDriver doesn't have member provides()","time":"2016-10-18T11:33:09.481Z","v":0}
{"name":"mep","hostname":"LukicDarkoo-PC","pid":8350,"level":20,"msg":"InitTask Initialized","time":"2016-10-18T11:33:09.483Z","v":0}
{"name":"mep","hostname":"LukicDarkoo-PC","pid":8350,"level":50,"msg":"MotionDriverSimulator Server is not opened","time":"2016-10-18T11:33:09.483Z","v":0}
{"name":"mep","hostname":"LukicDarkoo-PC","pid":8350,"level":20,"msg":"PositionService Robot move command sent. Point { x: 600, y: 0 }","time":"2016-10-18T11:33:09.484Z","v":0}
{"name":"mep","hostname":"LukicDarkoo-PC","pid":8420,"level":30,"msg":"MEP (Memristor's Eurobot Platform) started!","time":"2016-10-18T11:34:51.123Z","v":0}
{"name":"mep","hostname":"LukicDarkoo-PC","pid":8420,"level":30,"msg":"Active table: default","time":"2016-10-18T11:34:51.127Z","v":0}
{"name":"mep","hostname":"LukicDarkoo-PC","pid":8420,"level":30,"msg":"Simulation activated: true","time":"2016-10-18T11:34:51.127Z","v":0}
{"name":"mep","hostname":"LukicDarkoo-PC","pid":8420,"level":20,"msg":"MotionDriverSimulator Driver with name MotionDriver initialized","time":"2016-10-18T11:34:51.130Z","v":0}
{"name":"mep","hostname":"LukicDarkoo-PC","pid":8420,"level":20,"msg":"ModuleLoader Module loaded MotionDriver","time":"2016-10-18T11:34:51.130Z","v":0}
{"name":"mep","hostname":"LukicDarkoo-PC","pid":8420,"level":20,"msg":"ModbusDriverSimulator Driver with name ModbusDriver initialized","time":"2016-10-18T11:34:51.130Z","v":0}
{"name":"mep","hostname":"LukicDarkoo-PC","pid":8420,"level":20,"msg":"ModuleLoader Module loaded ModbusDriver","time":"2016-10-18T11:34:51.131Z","v":0}
{"name":"mep","hostname":"LukicDarkoo-PC","pid":8420,"level":40,"msg":"DriverManager ModbusDriver doesn't have member provides()","time":"2016-10-18T11:34:51.132Z","v":0}
{"name":"mep","hostname":"LukicDarkoo-PC","pid":8420,"level":20,"msg":"InitTask Initialized","time":"2016-10-18T11:34:51.134Z","v":0}
{"name":"mep","hostname":"LukicDarkoo-PC","pid":8420,"level":50,"msg":"MotionDriverSimulator Server is not opened","time":"2016-10-18T11:34:51.135Z","v":0}
{"name":"mep","hostname":"LukicDarkoo-PC","pid":8420,"level":20,"msg":"PositionService Robot move command sent. Point { x: 600, y: 0 }","time":"2016-10-18T11:34:51.135Z","v":0}
{"name":"mep","hostname":"LukicDarkoo-PC","pid":8431,"level":30,"msg":"MEP (Memristor's Eurobot Platform) started!","time":"2016-10-18T11:34:54.477Z","v":0}
{"name":"mep","hostname":"LukicDarkoo-PC","pid":8431,"level":30,"msg":"Active table: default","time":"2016-10-18T11:34:54.480Z","v":0}
{"name":"mep","hostname":"LukicDarkoo-PC","pid":8431,"level":30,"msg":"Simulation activated: true","time":"2016-10-18T11:34:54.481Z","v":0}
{"name":"mep","hostname":"LukicDarkoo-PC","pid":8431,"level":20,"msg":"MotionDriverSimulator Driver with name MotionDriver initialized","time":"2016-10-18T11:34:54.484Z","v":0}
{"name":"mep","hostname":"LukicDarkoo-PC","pid":8431,"level":20,"msg":"ModuleLoader Module loaded MotionDriver","time":"2016-10-18T11:34:54.484Z","v":0}
{"name":"mep","hostname":"LukicDarkoo-PC","pid":8431,"level":20,"msg":"ModbusDriverSimulator Driver with name ModbusDriver initialized","time":"2016-10-18T11:34:54.484Z","v":0}
{"name":"mep","hostname":"LukicDarkoo-PC","pid":8431,"level":20,"msg":"ModuleLoader Module loaded ModbusDriver","time":"2016-10-18T11:34:54.484Z","v":0}
{"name":"mep","hostname":"LukicDarkoo-PC","pid":8431,"level":40,"msg":"DriverManager ModbusDriver doesn't have member provides()","time":"2016-10-18T11:34:54.486Z","v":0}
{"name":"mep","hostname":"LukicDarkoo-PC","pid":8431,"level":20,"msg":"InitTask Initialized","time":"2016-10-18T11:34:54.488Z","v":0}
{"name":"mep","hostname":"LukicDarkoo-PC","pid":8431,"level":50,"msg":"MotionDriverSimulator Server is not opened","time":"2016-10-18T11:34:54.488Z","v":0}
{"name":"mep","hostname":"LukicDarkoo-PC","pid":8431,"level":20,"msg":"PositionService Robot move command sent. Point { x: 600, y: 0 }","time":"2016-10-18T11:34:54.489Z","v":0}
{"name":"mep","hostname":"LukicDarkoo-PC","pid":8454,"level":30,"msg":"MEP (Memristor's Eurobot Platform) started!","time":"2016-10-18T11:35:04.873Z","v":0}
{"name":"mep","hostname":"LukicDarkoo-PC","pid":8454,"level":30,"msg":"Active table: default","time":"2016-10-18T11:35:04.877Z","v":0}
{"name":"mep","hostname":"LukicDarkoo-PC","pid":8454,"level":30,"msg":"Simulation activated: true","time":"2016-10-18T11:35:04.878Z","v":0}
{"name":"mep","hostname":"LukicDarkoo-PC","pid":8454,"level":20,"msg":"MotionDriverSimulator Driver with name MotionDriver initialized","time":"2016-10-18T11:35:04.880Z","v":0}
{"name":"mep","hostname":"LukicDarkoo-PC","pid":8454,"level":20,"msg":"ModuleLoader Module loaded MotionDriver","time":"2016-10-18T11:35:04.880Z","v":0}
{"name":"mep","hostname":"LukicDarkoo-PC","pid":8454,"level":20,"msg":"ModbusDriverSimulator Driver with name ModbusDriver initialized","time":"2016-10-18T11:35:04.881Z","v":0}
{"name":"mep","hostname":"LukicDarkoo-PC","pid":8454,"level":20,"msg":"ModuleLoader Module loaded ModbusDriver","time":"2016-10-18T11:35:04.881Z","v":0}
{"name":"mep","hostname":"LukicDarkoo-PC","pid":8454,"level":40,"msg":"DriverManager ModbusDriver doesn't have member provides()","time":"2016-10-18T11:35:04.883Z","v":0}
{"name":"mep","hostname":"LukicDarkoo-PC","pid":8454,"level":20,"msg":"InitTask Initialized","time":"2016-10-18T11:35:04.884Z","v":0}
{"name":"mep","hostname":"LukicDarkoo-PC","pid":8454,"level":50,"msg":"MotionDriverSimulator Server is not opened","time":"2016-10-18T11:35:04.885Z","v":0}
{"name":"mep","hostname":"LukicDarkoo-PC","pid":8454,"level":20,"msg":"PositionService Robot move command sent. Point { x: 600, y: 0 }","time":"2016-10-18T11:35:04.885Z","v":0}
{"name":"mep","hostname":"LukicDarkoo-PC","pid":8479,"level":30,"msg":"MEP (Memristor's Eurobot Platform) started!","time":"2016-10-18T11:35:16.409Z","v":0}
{"name":"mep","hostname":"LukicDarkoo-PC","pid":8479,"level":30,"msg":"Active table: default","time":"2016-10-18T11:35:16.412Z","v":0}
{"name":"mep","hostname":"LukicDarkoo-PC","pid":8479,"level":30,"msg":"Simulation activated: true","time":"2016-10-18T11:35:16.413Z","v":0}
{"name":"mep","hostname":"LukicDarkoo-PC","pid":8479,"level":20,"msg":"MotionDriverSimulator Driver with name MotionDriver initialized","time":"2016-10-18T11:35:16.415Z","v":0}
{"name":"mep","hostname":"LukicDarkoo-PC","pid":8479,"level":20,"msg":"ModuleLoader Module loaded MotionDriver","time":"2016-10-18T11:35:16.415Z","v":0}
{"name":"mep","hostname":"LukicDarkoo-PC","pid":8479,"level":20,"msg":"ModbusDriverSimulator Driver with name ModbusDriver initialized","time":"2016-10-18T11:35:16.416Z","v":0}
{"name":"mep","hostname":"LukicDarkoo-PC","pid":8479,"level":20,"msg":"ModuleLoader Module loaded ModbusDriver","time":"2016-10-18T11:35:16.416Z","v":0}
{"name":"mep","hostname":"LukicDarkoo-PC","pid":8479,"level":40,"msg":"DriverManager ModbusDriver doesn't have member provides()","time":"2016-10-18T11:35:16.418Z","v":0}
{"name":"mep","hostname":"LukicDarkoo-PC","pid":8479,"level":20,"msg":"InitTask Initialized","time":"2016-10-18T11:35:16.420Z","v":0}
{"name":"mep","hostname":"LukicDarkoo-PC","pid":8479,"level":50,"msg":"MotionDriverSimulator Server is not opened","time":"2016-10-18T11:35:16.420Z","v":0}
{"name":"mep","hostname":"LukicDarkoo-PC","pid":8479,"level":20,"msg":"PositionService Robot move command sent. Point { x: 600, y: 0 }","time":"2016-10-18T11:35:16.420Z","v":0}
{"name":"mep","hostname":"LukicDarkoo-PC","pid":8491,"level":30,"msg":"MEP (Memristor's Eurobot Platform) started!","time":"2016-10-18T11:35:24.984Z","v":0}
{"name":"mep","hostname":"LukicDarkoo-PC","pid":8491,"level":30,"msg":"Active table: sadasdas","time":"2016-10-18T11:35:24.988Z","v":0}
{"name":"mep","hostname":"LukicDarkoo-PC","pid":8491,"level":30,"msg":"Simulation activated: true","time":"2016-10-18T11:35:24.988Z","v":0}
{"name":"mep","hostname":"LukicDarkoo-PC","pid":8491,"level":20,"msg":"MotionDriverSimulator Driver with name MotionDriver initialized","time":"2016-10-18T11:35:24.991Z","v":0}
{"name":"mep","hostname":"LukicDarkoo-PC","pid":8491,"level":20,"msg":"ModuleLoader Module loaded MotionDriver","time":"2016-10-18T11:35:24.991Z","v":0}
{"name":"mep","hostname":"LukicDarkoo-PC","pid":8491,"level":20,"msg":"ModbusDriverSimulator Driver with name ModbusDriver initialized","time":"2016-10-18T11:35:24.991Z","v":0}
{"name":"mep","hostname":"LukicDarkoo-PC","pid":8491,"level":20,"msg":"ModuleLoader Module loaded ModbusDriver","time":"2016-10-18T11:35:24.992Z","v":0}
{"name":"mep","hostname":"LukicDarkoo-PC","pid":8491,"level":40,"msg":"DriverManager ModbusDriver doesn't have member provides()","time":"2016-10-18T11:35:24.993Z","v":0}
{"name":"mep","hostname":"LukicDarkoo-PC","pid":8491,"level":20,"msg":"InitTask Initialized","time":"2016-10-18T11:35:24.995Z","v":0}
{"name":"mep","hostname":"LukicDarkoo-PC","pid":8491,"level":50,"msg":"MotionDriverSimulator Server is not opened","time":"2016-10-18T11:35:24.996Z","v":0}
{"name":"mep","hostname":"LukicDarkoo-PC","pid":8491,"level":20,"msg":"PositionService Robot move command sent. Point { x: 600, y: 0 }","time":"2016-10-18T11:35:24.996Z","v":0}
{"name":"mep","hostname":"LukicDarkoo-PC","pid":8522,"level":30,"msg":"MEP (Memristor's Eurobot Platform) started!","time":"2016-10-18T11:36:17.237Z","v":0}
{"name":"mep","hostname":"LukicDarkoo-PC","pid":8522,"level":30,"msg":"Active robot: big","time":"2016-10-18T11:36:17.240Z","v":0}
{"name":"mep","hostname":"LukicDarkoo-PC","pid":8522,"level":30,"msg":"Active table: sadasdas","time":"2016-10-18T11:36:17.241Z","v":0}
{"name":"mep","hostname":"LukicDarkoo-PC","pid":8522,"level":30,"msg":"Use simulation: true","time":"2016-10-18T11:36:17.241Z","v":0}
{"name":"mep","hostname":"LukicDarkoo-PC","pid":8522,"level":20,"msg":"MotionDriverSimulator Driver with name MotionDriver initialized","time":"2016-10-18T11:36:17.243Z","v":0}
{"name":"mep","hostname":"LukicDarkoo-PC","pid":8522,"level":20,"msg":"ModuleLoader Module loaded MotionDriver","time":"2016-10-18T11:36:17.243Z","v":0}
{"name":"mep","hostname":"LukicDarkoo-PC","pid":8522,"level":20,"msg":"ModbusDriverSimulator Driver with name ModbusDriver initialized","time":"2016-10-18T11:36:17.244Z","v":0}
{"name":"mep","hostname":"LukicDarkoo-PC","pid":8522,"level":20,"msg":"ModuleLoader Module loaded ModbusDriver","time":"2016-10-18T11:36:17.244Z","v":0}
{"name":"mep","hostname":"LukicDarkoo-PC","pid":8522,"level":40,"msg":"DriverManager ModbusDriver doesn't have member provides()","time":"2016-10-18T11:36:17.246Z","v":0}
{"name":"mep","hostname":"LukicDarkoo-PC","pid":8522,"level":20,"msg":"InitTask Initialized","time":"2016-10-18T11:36:17.248Z","v":0}
{"name":"mep","hostname":"LukicDarkoo-PC","pid":8522,"level":50,"msg":"MotionDriverSimulator Server is not opened","time":"2016-10-18T11:36:17.248Z","v":0}
{"name":"mep","hostname":"LukicDarkoo-PC","pid":8522,"level":20,"msg":"PositionService Robot move command sent. Point { x: 600, y: 0 }","time":"2016-10-18T11:36:17.249Z","v":0}
{"name":"mep","hostname":"LukicDarkoo-PC","pid":8826,"level":30,"msg":"MEP (Memristor's Eurobot Platform) started!","time":"2016-10-18T11:45:01.674Z","v":0}
{"name":"mep","hostname":"LukicDarkoo-PC","pid":8826,"level":30,"msg":"Active robot: big","time":"2016-10-18T11:45:01.678Z","v":0}
{"name":"mep","hostname":"LukicDarkoo-PC","pid":8826,"level":30,"msg":"Active table: default","time":"2016-10-18T11:45:01.678Z","v":0}
{"name":"mep","hostname":"LukicDarkoo-PC","pid":8826,"level":30,"msg":"Use simulation: true","time":"2016-10-18T11:45:01.679Z","v":0}
{"name":"mep","hostname":"LukicDarkoo-PC","pid":8826,"level":20,"msg":"MotionDriverSimulator Driver with name MotionDriver initialized","time":"2016-10-18T11:45:01.681Z","v":0}
{"name":"mep","hostname":"LukicDarkoo-PC","pid":8826,"level":20,"msg":"ModuleLoader Module loaded MotionDriver","time":"2016-10-18T11:45:01.681Z","v":0}
{"name":"mep","hostname":"LukicDarkoo-PC","pid":8826,"level":20,"msg":"ModbusDriverSimulator Driver with name ModbusDriver initialized","time":"2016-10-18T11:45:01.682Z","v":0}
{"name":"mep","hostname":"LukicDarkoo-PC","pid":8826,"level":20,"msg":"ModuleLoader Module loaded ModbusDriver","time":"2016-10-18T11:45:01.682Z","v":0}
{"name":"mep","hostname":"LukicDarkoo-PC","pid":8826,"level":40,"msg":"DriverManager ModbusDriver doesn't have member provides()","time":"2016-10-18T11:45:01.684Z","v":0}
{"name":"mep","hostname":"LukicDarkoo-PC","pid":8826,"level":20,"msg":"InitTask Initialized","time":"2016-10-18T11:45:01.685Z","v":0}
{"name":"mep","hostname":"LukicDarkoo-PC","pid":8826,"level":50,"msg":"MotionDriverSimulator Server is not opened","time":"2016-10-18T11:45:01.686Z","v":0}
{"name":"mep","hostname":"LukicDarkoo-PC","pid":8826,"level":20,"msg":"PositionService Robot move command sent. Point { x: 600, y: 0 }","time":"2016-10-18T11:45:01.686Z","v":0}
{"name":"mep","hostname":"LukicDarkoo-PC","pid":8853,"level":40,"msg":"DriverManager ModbusDriver doesn't have member provides()","time":"2016-10-18T11:45:19.171Z","v":0}
{"name":"mep","hostname":"LukicDarkoo-PC","pid":8853,"level":50,"msg":"MotionDriverSimulator Server is not opened","time":"2016-10-18T11:45:19.177Z","v":0}
{"name":"mep","hostname":"LukicDarkoo-PC","pid":8864,"level":40,"msg":"DriverManager ModbusDriver doesn't have member provides()","time":"2016-10-18T11:45:25.017Z","v":0}
{"name":"mep","hostname":"LukicDarkoo-PC","pid":8864,"level":50,"msg":"MotionDriverSimulator Server is not opened","time":"2016-10-18T11:45:25.022Z","v":0}
{"name":"mep","hostname":"LukicDarkoo-PC","pid":8889,"level":30,"msg":"MEP (Memristor's Eurobot Platform) started!","time":"2016-10-18T11:46:22.199Z","v":0}
{"name":"mep","hostname":"LukicDarkoo-PC","pid":8889,"level":30,"msg":"Active robot: big","time":"2016-10-18T11:46:22.202Z","v":0}
{"name":"mep","hostname":"LukicDarkoo-PC","pid":8889,"level":30,"msg":"Active table: default","time":"2016-10-18T11:46:22.203Z","v":0}
{"name":"mep","hostname":"LukicDarkoo-PC","pid":8889,"level":30,"msg":"Use simulation: true","time":"2016-10-18T11:46:22.203Z","v":0}
{"name":"mep","hostname":"LukicDarkoo-PC","pid":8889,"level":40,"msg":"DriverManager ModbusDriver doesn't have member provides()","time":"2016-10-18T11:46:22.207Z","v":0}
{"name":"mep","hostname":"LukicDarkoo-PC","pid":8889,"level":50,"msg":"MotionDriverSimulator Server is not opened","time":"2016-10-18T11:46:22.209Z","v":0}
{"name":"mep","hostname":"LukicDarkoo-PC","pid":9065,"level":30,"msg":"MEP (Memristor's Eurobot Platform) started!","time":"2016-10-18T11:51:26.049Z","v":0}
{"name":"mep","hostname":"LukicDarkoo-PC","pid":9065,"level":30,"msg":"Active robot: big","time":"2016-10-18T11:51:26.053Z","v":0}
{"name":"mep","hostname":"LukicDarkoo-PC","pid":9065,"level":30,"msg":"Active table: default","time":"2016-10-18T11:51:26.053Z","v":0}
{"name":"mep","hostname":"LukicDarkoo-PC","pid":9065,"level":30,"msg":"Use simulation: true","time":"2016-10-18T11:51:26.054Z","v":0}
{"name":"mep","hostname":"LukicDarkoo-PC","pid":9065,"level":20,"msg":"MotionDriverSimulator Driver with name MotionDriver initialized","time":"2016-10-18T11:51:26.056Z","v":0}
{"name":"mep","hostname":"LukicDarkoo-PC","pid":9065,"level":20,"msg":"ModuleLoader Module loaded MotionDriver","time":"2016-10-18T11:51:26.056Z","v":0}
{"name":"mep","hostname":"LukicDarkoo-PC","pid":9065,"level":20,"msg":"ModbusDriverSimulator Driver with name ModbusDriver initialized","time":"2016-10-18T11:51:26.057Z","v":0}
{"name":"mep","hostname":"LukicDarkoo-PC","pid":9065,"level":20,"msg":"ModuleLoader Module loaded ModbusDriver","time":"2016-10-18T11:51:26.057Z","v":0}
{"name":"mep","hostname":"LukicDarkoo-PC","pid":9065,"level":40,"msg":"DriverManager ModbusDriver doesn't have member provides()","time":"2016-10-18T11:51:26.059Z","v":0}
{"name":"mep","hostname":"LukicDarkoo-PC","pid":9065,"level":20,"msg":"InitTask Initialized","time":"2016-10-18T11:51:26.060Z","v":0}
{"name":"mep","hostname":"LukicDarkoo-PC","pid":9065,"level":50,"msg":"MotionDriverSimulator Server is not opened","time":"2016-10-18T11:51:26.061Z","v":0}
{"name":"mep","hostname":"LukicDarkoo-PC","pid":9065,"level":20,"msg":"PositionService Robot move command sent. Point { x: 600, y: 0 }","time":"2016-10-18T11:51:26.061Z","v":0}
